Copyright 1986-2022 Xilinx, Inc. All Rights Reserved. Copyright 2022-2024 Advanced Micro Devices, Inc. All Rights Reserved.
------------------------------------------------------------------------------------------------------------------------------------------------------------------------------------------------------------------
| Tool Version : Vivado v.2024.2 (win64) Build 5239630 Fri Nov 08 22:35:27 MST 2024
| Date         : Wed Apr 16 11:48:20 2025
| Host         : evilbot running 64-bit major release  (build 9200)
| Command      : report_timing_summary -max_paths 10 -report_unconstrained -file MLU_8_3_timing_summary_routed.rpt -pb MLU_8_3_timing_summary_routed.pb -rpx MLU_8_3_timing_summary_routed.rpx -warn_on_violation
| Design       : MLU_8_3
| Device       : 7a100t-csg324
| Speed File   : -1  PRODUCTION 1.23 2018-06-13
| Design State : Routed
------------------------------------------------------------------------------------------------------------------------------------------------------------------------------------------------------------------

Timing Summary Report

------------------------------------------------------------------------------------------------
| Timer Settings
| --------------
------------------------------------------------------------------------------------------------

  Enable Multi Corner Analysis               :  Yes
  Enable Pessimism Removal                   :  Yes
  Pessimism Removal Resolution               :  Nearest Common Node
  Enable Input Delay Default Clock           :  No
  Enable Preset / Clear Arcs                 :  No
  Disable Flight Delays                      :  No
  Ignore I/O Paths                           :  No
  Timing Early Launch at Borrowing Latches   :  No
  Borrow Time for Max Delay Exceptions       :  Yes
  Merge Timing Exceptions                    :  Yes
  Inter-SLR Compensation                     :  Conservative

  Corner  Analyze    Analyze    
  Name    Max Paths  Min Paths  
  ------  ---------  ---------  
  Slow    Yes        Yes        
  Fast    Yes        Yes        


------------------------------------------------------------------------------------------------
| Report Methodology
| ------------------
------------------------------------------------------------------------------------------------

No report available as report_methodology has not been run prior. Run report_methodology on the current design for the summary of methodology violations.



check_timing report

Table of Contents
-----------------
1. checking no_clock (0)
2. checking constant_clock (0)
3. checking pulse_width_clock (0)
4. checking unconstrained_internal_endpoints (0)
5. checking no_input_delay (0)
6. checking no_output_delay (0)
7. checking multiple_clock (0)
8. checking generated_clocks (0)
9. checking loops (0)
10. checking partial_input_delay (0)
11. checking partial_output_delay (0)
12. checking latch_loops (0)

1. checking no_clock (0)
------------------------
 There are 0 register/latch pins with no clock.


2. checking constant_clock (0)
------------------------------
 There are 0 register/latch pins with constant_clock.


3. checking pulse_width_clock (0)
---------------------------------
 There are 0 register/latch pins which need pulse_width check


4. checking unconstrained_internal_endpoints (0)
------------------------------------------------
 There are 0 pins that are not constrained for maximum delay.

 There are 0 pins that are not constrained for maximum delay due to constant clock.


5. checking no_input_delay (0)
------------------------------
 There are 0 input ports with no input delay specified.

 There are 0 input ports with no input delay but user has a false path constraint.


6. checking no_output_delay (0)
-------------------------------
 There are 0 ports with no output delay specified.

 There are 0 ports with no output delay but user has a false path constraint

 There are 0 ports with no output delay but with a timing clock defined on it or propagating through it


7. checking multiple_clock (0)
------------------------------
 There are 0 register/latch pins with multiple clocks.


8. checking generated_clocks (0)
--------------------------------
 There are 0 generated clocks that are not connected to a clock source.


9. checking loops (0)
---------------------
 There are 0 combinational loops in the design.


10. checking partial_input_delay (0)
------------------------------------
 There are 0 input ports with partial input delay specified.


11. checking partial_output_delay (0)
-------------------------------------
 There are 0 ports with partial output delay specified.


12. checking latch_loops (0)
----------------------------
 There are 0 combinational latch loops in the design through latch input



------------------------------------------------------------------------------------------------
| Design Timing Summary
| ---------------------
------------------------------------------------------------------------------------------------

    WNS(ns)      TNS(ns)  TNS Failing Endpoints  TNS Total Endpoints      WHS(ns)      THS(ns)  THS Failing Endpoints  THS Total Endpoints     WPWS(ns)     TPWS(ns)  TPWS Failing Endpoints  TPWS Total Endpoints  
    -------      -------  ---------------------  -------------------      -------      -------  ---------------------  -------------------     --------     --------  ----------------------  --------------------  
        inf        0.000                      0                   16          inf        0.000                      0                   16           NA           NA                      NA                    NA  


There are no user specified timing constraints.


------------------------------------------------------------------------------------------------
| Clock Summary
| -------------
------------------------------------------------------------------------------------------------


------------------------------------------------------------------------------------------------
| Intra Clock Table
| -----------------
------------------------------------------------------------------------------------------------

Clock             WNS(ns)      TNS(ns)  TNS Failing Endpoints  TNS Total Endpoints      WHS(ns)      THS(ns)  THS Failing Endpoints  THS Total Endpoints     WPWS(ns)     TPWS(ns)  TPWS Failing Endpoints  TPWS Total Endpoints  
-----             -------      -------  ---------------------  -------------------      -------      -------  ---------------------  -------------------     --------     --------  ----------------------  --------------------  


------------------------------------------------------------------------------------------------
| Inter Clock Table
| -----------------
------------------------------------------------------------------------------------------------

From Clock    To Clock          WNS(ns)      TNS(ns)  TNS Failing Endpoints  TNS Total Endpoints      WHS(ns)      THS(ns)  THS Failing Endpoints  THS Total Endpoints  
----------    --------          -------      -------  ---------------------  -------------------      -------      -------  ---------------------  -------------------  


------------------------------------------------------------------------------------------------
| Other Path Groups Table
| -----------------------
------------------------------------------------------------------------------------------------

Path Group    From Clock    To Clock          WNS(ns)      TNS(ns)  TNS Failing Endpoints  TNS Total Endpoints      WHS(ns)      THS(ns)  THS Failing Endpoints  THS Total Endpoints  
----------    ----------    --------          -------      -------  ---------------------  -------------------      -------      -------  ---------------------  -------------------  


------------------------------------------------------------------------------------------------
| User Ignored Path Table
| -----------------------
------------------------------------------------------------------------------------------------

Path Group    From Clock    To Clock    
----------    ----------    --------    


------------------------------------------------------------------------------------------------
| Unconstrained Path Table
| ------------------------
------------------------------------------------------------------------------------------------

Path Group    From Clock    To Clock    
----------    ----------    --------    
(none)                                    


------------------------------------------------------------------------------------------------
| Timing Details
| --------------
------------------------------------------------------------------------------------------------


--------------------------------------------------------------------------------------
Path Group:  (none)
From Clock:  
  To Clock:  

Max Delay            16 Endpoints
Min Delay            16 Endpoints
--------------------------------------------------------------------------------------


Max Delay Paths
--------------------------------------------------------------------------------------
Slack:                    inf
  Source:                 X[2]
                            (input port)
  Destination:            Result[16]
                            (output port)
  Path Group:             (none)
  Path Type:              Max at Slow Process Corner
  Data Path Delay:        35.756ns  (logic 11.488ns (32.128%)  route 24.268ns (67.872%))
  Logic Levels:           30  (CARRY4=10 IBUF=1 LUT2=3 LUT3=1 LUT4=1 LUT5=3 LUT6=10 OBUF=1)

    Location             Delay type                Incr(ns)  Path(ns)    Netlist Resource(s)
  -------------------------------------------------------------------    -------------------
    L16                                               0.000     0.000 r  X[2] (IN)
                         net (fo=0)                   0.000     0.000    X[2]
    L16                  IBUF (Prop_ibuf_I_O)         1.480     1.480 r  X_IBUF[2]_inst/O
                         net (fo=37, routed)          4.411     5.891    X_IBUF[2]
    SLICE_X7Y74          LUT6 (Prop_lut6_I2_O)        0.124     6.015 r  Result_OBUF[6]_inst_i_14/O
                         net (fo=11, routed)          1.635     7.650    Result_OBUF[6]_inst_i_14_n_0
    SLICE_X9Y73          LUT3 (Prop_lut3_I1_O)        0.124     7.774 r  Result_OBUF[16]_inst_i_70/O
                         net (fo=1, routed)           0.000     7.774    Result_OBUF[16]_inst_i_70_n_0
    SLICE_X9Y73          CARRY4 (Prop_carry4_S[0]_O[0])
                                                      0.247     8.021 r  Result_OBUF[16]_inst_i_46/O[0]
                         net (fo=4, routed)           1.155     9.176    Y_tmp017_out[4]
    SLICE_X7Y71          LUT6 (Prop_lut6_I2_O)        0.299     9.475 r  Result_OBUF[5]_inst_i_33/O
                         net (fo=1, routed)           0.000     9.475    Result_OBUF[5]_inst_i_33_n_0
    SLICE_X7Y71          CARRY4 (Prop_carry4_S[3]_O[3])
                                                      0.248     9.723 r  Result_OBUF[5]_inst_i_16/O[3]
                         net (fo=2, routed)           1.563    11.286    Y_tmp013_out[3]
    SLICE_X8Y68          LUT5 (Prop_lut5_I2_O)        0.306    11.592 r  Result_OBUF[5]_inst_i_38/O
                         net (fo=1, routed)           0.670    12.262    Result_OBUF[5]_inst_i_38_n_0
    SLICE_X8Y68          LUT6 (Prop_lut6_I0_O)        0.124    12.386 r  Result_OBUF[5]_inst_i_23/O
                         net (fo=3, routed)           1.048    13.434    P9_in[2]
    SLICE_X7Y68          LUT2 (Prop_lut2_I0_O)        0.124    13.558 r  Result_OBUF[5]_inst_i_27/O
                         net (fo=1, routed)           0.000    13.558    Result_OBUF[5]_inst_i_27_n_0
    SLICE_X7Y68          CARRY4 (Prop_carry4_S[2]_CO[3])
                                                      0.398    13.956 r  Result_OBUF[5]_inst_i_15/CO[3]
                         net (fo=1, routed)           0.000    13.956    Result_OBUF[5]_inst_i_15_n_0
    SLICE_X7Y69          CARRY4 (Prop_carry4_CI_O[0])
                                                      0.222    14.178 r  Result_OBUF[13]_inst_i_39/O[0]
                         net (fo=1, routed)           0.797    14.975    Y_tmp010_out[4]
    SLICE_X6Y70          LUT6 (Prop_lut6_I0_O)        0.299    15.274 r  Result_OBUF[8]_inst_i_6/O
                         net (fo=3, routed)           0.593    15.867    Result_OBUF[8]_inst_i_6_n_0
    SLICE_X5Y68          LUT6 (Prop_lut6_I5_O)        0.124    15.991 r  Result_OBUF[5]_inst_i_7/O
                         net (fo=3, routed)           0.824    16.815    P6_in[3]
    SLICE_X5Y69          LUT2 (Prop_lut2_I0_O)        0.124    16.939 r  Result_OBUF[8]_inst_i_9/O
                         net (fo=1, routed)           0.000    16.939    Result_OBUF[8]_inst_i_9_n_0
    SLICE_X5Y69          CARRY4 (Prop_carry4_S[3]_CO[3])
                                                      0.401    17.340 r  Result_OBUF[8]_inst_i_7/CO[3]
                         net (fo=1, routed)           0.000    17.340    Result_OBUF[8]_inst_i_7_n_0
    SLICE_X5Y70          CARRY4 (Prop_carry4_CI_O[0])
                                                      0.222    17.562 r  Result_OBUF[16]_inst_i_24/O[0]
                         net (fo=1, routed)           0.810    18.372    Y_tmp08_out[4]
    SLICE_X5Y71          LUT5 (Prop_lut5_I0_O)        0.299    18.671 r  Result_OBUF[9]_inst_i_6/O
                         net (fo=6, routed)           0.676    19.347    Result_OBUF[9]_inst_i_6_n_0
    SLICE_X4Y71          LUT6 (Prop_lut6_I5_O)        0.124    19.471 r  Result_OBUF[6]_inst_i_5/O
                         net (fo=3, routed)           0.828    20.299    P3_in[3]
    SLICE_X3Y69          LUT2 (Prop_lut2_I0_O)        0.124    20.423 r  Result_OBUF[6]_inst_i_9/O
                         net (fo=1, routed)           0.000    20.423    Result_OBUF[6]_inst_i_9_n_0
    SLICE_X3Y69          CARRY4 (Prop_carry4_S[3]_O[3])
                                                      0.248    20.671 r  Result_OBUF[6]_inst_i_2/O[3]
                         net (fo=1, routed)           0.963    21.634    Y_tmp04_out[3]
    SLICE_X4Y71          LUT6 (Prop_lut6_I4_O)        0.306    21.940 r  Result_OBUF[9]_inst_i_4/O
                         net (fo=6, routed)           1.490    23.430    Result_OBUF[9]_inst_i_4_n_0
    SLICE_X3Y66          LUT5 (Prop_lut5_I0_O)        0.124    23.554 r  Result_OBUF[13]_inst_i_22/O
                         net (fo=1, routed)           0.685    24.240    P1_in[2]
    SLICE_X2Y67          CARRY4 (Prop_carry4_DI[2]_CO[3])
                                                      0.404    24.644 r  Result_OBUF[13]_inst_i_9/CO[3]
                         net (fo=1, routed)           0.000    24.644    Result_OBUF[13]_inst_i_9_n_0
    SLICE_X2Y68          CARRY4 (Prop_carry4_CI_O[3])
                                                      0.315    24.959 f  Result_OBUF[13]_inst_i_4/O[3]
                         net (fo=4, routed)           1.358    26.317    Y_tmp0[7]
    SLICE_X1Y72          LUT4 (Prop_lut4_I0_O)        0.307    26.624 r  Result_OBUF[16]_inst_i_62/O
                         net (fo=1, routed)           0.977    27.601    Result_OBUF[16]_inst_i_62_n_0
    SLICE_X2Y72          LUT6 (Prop_lut6_I0_O)        0.124    27.725 r  Result_OBUF[16]_inst_i_32/O
                         net (fo=2, routed)           1.256    28.981    Result_OBUF[16]_inst_i_32_n_0
    SLICE_X0Y70          LUT6 (Prop_lut6_I5_O)        0.124    29.105 r  Result_OBUF[16]_inst_i_10/O
                         net (fo=1, routed)           0.000    29.105    Result_OBUF[16]_inst_i_10_n_0
    SLICE_X0Y70          CARRY4 (Prop_carry4_S[3]_O[3])
                                                      0.248    29.353 r  Result_OBUF[16]_inst_i_3/O[3]
                         net (fo=1, routed)           0.297    29.650    P00_out[7]
    SLICE_X1Y71          LUT6 (Prop_lut6_I1_O)        0.306    29.956 r  Result_OBUF[16]_inst_i_1/O
                         net (fo=2, routed)           2.231    32.187    Result_OBUF[15]
    V11                  OBUF (Prop_obuf_I_O)         3.569    35.756 r  Result_OBUF[16]_inst/O
                         net (fo=0)                   0.000    35.756    Result[16]
    V11                                                               r  Result[16] (OUT)
  -------------------------------------------------------------------    -------------------

Slack:                    inf
  Source:                 X[2]
                            (input port)
  Destination:            Result[15]
                            (output port)
  Path Group:             (none)
  Path Type:              Max at Slow Process Corner
  Data Path Delay:        35.614ns  (logic 11.489ns (32.260%)  route 24.125ns (67.740%))
  Logic Levels:           30  (CARRY4=10 IBUF=1 LUT2=3 LUT3=1 LUT4=1 LUT5=3 LUT6=10 OBUF=1)

    Location             Delay type                Incr(ns)  Path(ns)    Netlist Resource(s)
  -------------------------------------------------------------------    -------------------
    L16                                               0.000     0.000 r  X[2] (IN)
                         net (fo=0)                   0.000     0.000    X[2]
    L16                  IBUF (Prop_ibuf_I_O)         1.480     1.480 r  X_IBUF[2]_inst/O
                         net (fo=37, routed)          4.411     5.891    X_IBUF[2]
    SLICE_X7Y74          LUT6 (Prop_lut6_I2_O)        0.124     6.015 r  Result_OBUF[6]_inst_i_14/O
                         net (fo=11, routed)          1.635     7.650    Result_OBUF[6]_inst_i_14_n_0
    SLICE_X9Y73          LUT3 (Prop_lut3_I1_O)        0.124     7.774 r  Result_OBUF[16]_inst_i_70/O
                         net (fo=1, routed)           0.000     7.774    Result_OBUF[16]_inst_i_70_n_0
    SLICE_X9Y73          CARRY4 (Prop_carry4_S[0]_O[0])
                                                      0.247     8.021 r  Result_OBUF[16]_inst_i_46/O[0]
                         net (fo=4, routed)           1.155     9.176    Y_tmp017_out[4]
    SLICE_X7Y71          LUT6 (Prop_lut6_I2_O)        0.299     9.475 r  Result_OBUF[5]_inst_i_33/O
                         net (fo=1, routed)           0.000     9.475    Result_OBUF[5]_inst_i_33_n_0
    SLICE_X7Y71          CARRY4 (Prop_carry4_S[3]_O[3])
                                                      0.248     9.723 r  Result_OBUF[5]_inst_i_16/O[3]
                         net (fo=2, routed)           1.563    11.286    Y_tmp013_out[3]
    SLICE_X8Y68          LUT5 (Prop_lut5_I2_O)        0.306    11.592 r  Result_OBUF[5]_inst_i_38/O
                         net (fo=1, routed)           0.670    12.262    Result_OBUF[5]_inst_i_38_n_0
    SLICE_X8Y68          LUT6 (Prop_lut6_I0_O)        0.124    12.386 r  Result_OBUF[5]_inst_i_23/O
                         net (fo=3, routed)           1.048    13.434    P9_in[2]
    SLICE_X7Y68          LUT2 (Prop_lut2_I0_O)        0.124    13.558 r  Result_OBUF[5]_inst_i_27/O
                         net (fo=1, routed)           0.000    13.558    Result_OBUF[5]_inst_i_27_n_0
    SLICE_X7Y68          CARRY4 (Prop_carry4_S[2]_CO[3])
                                                      0.398    13.956 r  Result_OBUF[5]_inst_i_15/CO[3]
                         net (fo=1, routed)           0.000    13.956    Result_OBUF[5]_inst_i_15_n_0
    SLICE_X7Y69          CARRY4 (Prop_carry4_CI_O[0])
                                                      0.222    14.178 r  Result_OBUF[13]_inst_i_39/O[0]
                         net (fo=1, routed)           0.797    14.975    Y_tmp010_out[4]
    SLICE_X6Y70          LUT6 (Prop_lut6_I0_O)        0.299    15.274 r  Result_OBUF[8]_inst_i_6/O
                         net (fo=3, routed)           0.593    15.867    Result_OBUF[8]_inst_i_6_n_0
    SLICE_X5Y68          LUT6 (Prop_lut6_I5_O)        0.124    15.991 r  Result_OBUF[5]_inst_i_7/O
                         net (fo=3, routed)           0.824    16.815    P6_in[3]
    SLICE_X5Y69          LUT2 (Prop_lut2_I0_O)        0.124    16.939 r  Result_OBUF[8]_inst_i_9/O
                         net (fo=1, routed)           0.000    16.939    Result_OBUF[8]_inst_i_9_n_0
    SLICE_X5Y69          CARRY4 (Prop_carry4_S[3]_CO[3])
                                                      0.401    17.340 r  Result_OBUF[8]_inst_i_7/CO[3]
                         net (fo=1, routed)           0.000    17.340    Result_OBUF[8]_inst_i_7_n_0
    SLICE_X5Y70          CARRY4 (Prop_carry4_CI_O[0])
                                                      0.222    17.562 r  Result_OBUF[16]_inst_i_24/O[0]
                         net (fo=1, routed)           0.810    18.372    Y_tmp08_out[4]
    SLICE_X5Y71          LUT5 (Prop_lut5_I0_O)        0.299    18.671 r  Result_OBUF[9]_inst_i_6/O
                         net (fo=6, routed)           0.676    19.347    Result_OBUF[9]_inst_i_6_n_0
    SLICE_X4Y71          LUT6 (Prop_lut6_I5_O)        0.124    19.471 r  Result_OBUF[6]_inst_i_5/O
                         net (fo=3, routed)           0.828    20.299    P3_in[3]
    SLICE_X3Y69          LUT2 (Prop_lut2_I0_O)        0.124    20.423 r  Result_OBUF[6]_inst_i_9/O
                         net (fo=1, routed)           0.000    20.423    Result_OBUF[6]_inst_i_9_n_0
    SLICE_X3Y69          CARRY4 (Prop_carry4_S[3]_O[3])
                                                      0.248    20.671 r  Result_OBUF[6]_inst_i_2/O[3]
                         net (fo=1, routed)           0.963    21.634    Y_tmp04_out[3]
    SLICE_X4Y71          LUT6 (Prop_lut6_I4_O)        0.306    21.940 r  Result_OBUF[9]_inst_i_4/O
                         net (fo=6, routed)           1.490    23.430    Result_OBUF[9]_inst_i_4_n_0
    SLICE_X3Y66          LUT5 (Prop_lut5_I0_O)        0.124    23.554 r  Result_OBUF[13]_inst_i_22/O
                         net (fo=1, routed)           0.685    24.240    P1_in[2]
    SLICE_X2Y67          CARRY4 (Prop_carry4_DI[2]_CO[3])
                                                      0.404    24.644 r  Result_OBUF[13]_inst_i_9/CO[3]
                         net (fo=1, routed)           0.000    24.644    Result_OBUF[13]_inst_i_9_n_0
    SLICE_X2Y68          CARRY4 (Prop_carry4_CI_O[3])
                                                      0.315    24.959 f  Result_OBUF[13]_inst_i_4/O[3]
                         net (fo=4, routed)           1.358    26.317    Y_tmp0[7]
    SLICE_X1Y72          LUT4 (Prop_lut4_I0_O)        0.307    26.624 r  Result_OBUF[16]_inst_i_62/O
                         net (fo=1, routed)           0.977    27.601    Result_OBUF[16]_inst_i_62_n_0
    SLICE_X2Y72          LUT6 (Prop_lut6_I0_O)        0.124    27.725 r  Result_OBUF[16]_inst_i_32/O
                         net (fo=2, routed)           1.256    28.981    Result_OBUF[16]_inst_i_32_n_0
    SLICE_X0Y70          LUT6 (Prop_lut6_I5_O)        0.124    29.105 r  Result_OBUF[16]_inst_i_10/O
                         net (fo=1, routed)           0.000    29.105    Result_OBUF[16]_inst_i_10_n_0
    SLICE_X0Y70          CARRY4 (Prop_carry4_S[3]_O[3])
                                                      0.248    29.353 r  Result_OBUF[16]_inst_i_3/O[3]
                         net (fo=1, routed)           0.297    29.650    P00_out[7]
    SLICE_X1Y71          LUT6 (Prop_lut6_I1_O)        0.306    29.956 r  Result_OBUF[16]_inst_i_1/O
                         net (fo=2, routed)           2.088    32.044    Result_OBUF[15]
    V12                  OBUF (Prop_obuf_I_O)         3.570    35.614 r  Result_OBUF[15]_inst/O
                         net (fo=0)                   0.000    35.614    Result[15]
    V12                                                               r  Result[15] (OUT)
  -------------------------------------------------------------------    -------------------

Slack:                    inf
  Source:                 X[2]
                            (input port)
  Destination:            Result[13]
                            (output port)
  Path Group:             (none)
  Path Type:              Max at Slow Process Corner
  Data Path Delay:        34.583ns  (logic 11.594ns (33.526%)  route 22.989ns (66.474%))
  Logic Levels:           30  (CARRY4=10 IBUF=1 LUT2=4 LUT3=1 LUT5=4 LUT6=9 OBUF=1)

    Location             Delay type                Incr(ns)  Path(ns)    Netlist Resource(s)
  -------------------------------------------------------------------    -------------------
    L16                                               0.000     0.000 r  X[2] (IN)
                         net (fo=0)                   0.000     0.000    X[2]
    L16                  IBUF (Prop_ibuf_I_O)         1.480     1.480 r  X_IBUF[2]_inst/O
                         net (fo=37, routed)          4.411     5.891    X_IBUF[2]
    SLICE_X7Y74          LUT6 (Prop_lut6_I2_O)        0.124     6.015 r  Result_OBUF[6]_inst_i_14/O
                         net (fo=11, routed)          1.635     7.650    Result_OBUF[6]_inst_i_14_n_0
    SLICE_X9Y73          LUT3 (Prop_lut3_I1_O)        0.124     7.774 r  Result_OBUF[16]_inst_i_70/O
                         net (fo=1, routed)           0.000     7.774    Result_OBUF[16]_inst_i_70_n_0
    SLICE_X9Y73          CARRY4 (Prop_carry4_S[0]_O[0])
                                                      0.247     8.021 r  Result_OBUF[16]_inst_i_46/O[0]
                         net (fo=4, routed)           1.155     9.176    Y_tmp017_out[4]
    SLICE_X7Y71          LUT6 (Prop_lut6_I2_O)        0.299     9.475 r  Result_OBUF[5]_inst_i_33/O
                         net (fo=1, routed)           0.000     9.475    Result_OBUF[5]_inst_i_33_n_0
    SLICE_X7Y71          CARRY4 (Prop_carry4_S[3]_O[3])
                                                      0.248     9.723 r  Result_OBUF[5]_inst_i_16/O[3]
                         net (fo=2, routed)           1.563    11.286    Y_tmp013_out[3]
    SLICE_X8Y68          LUT5 (Prop_lut5_I2_O)        0.306    11.592 r  Result_OBUF[5]_inst_i_38/O
                         net (fo=1, routed)           0.670    12.262    Result_OBUF[5]_inst_i_38_n_0
    SLICE_X8Y68          LUT6 (Prop_lut6_I0_O)        0.124    12.386 r  Result_OBUF[5]_inst_i_23/O
                         net (fo=3, routed)           1.048    13.434    P9_in[2]
    SLICE_X7Y68          LUT2 (Prop_lut2_I0_O)        0.124    13.558 r  Result_OBUF[5]_inst_i_27/O
                         net (fo=1, routed)           0.000    13.558    Result_OBUF[5]_inst_i_27_n_0
    SLICE_X7Y68          CARRY4 (Prop_carry4_S[2]_CO[3])
                                                      0.398    13.956 r  Result_OBUF[5]_inst_i_15/CO[3]
                         net (fo=1, routed)           0.000    13.956    Result_OBUF[5]_inst_i_15_n_0
    SLICE_X7Y69          CARRY4 (Prop_carry4_CI_O[0])
                                                      0.222    14.178 r  Result_OBUF[13]_inst_i_39/O[0]
                         net (fo=1, routed)           0.797    14.975    Y_tmp010_out[4]
    SLICE_X6Y70          LUT6 (Prop_lut6_I0_O)        0.299    15.274 r  Result_OBUF[8]_inst_i_6/O
                         net (fo=3, routed)           0.593    15.867    Result_OBUF[8]_inst_i_6_n_0
    SLICE_X5Y68          LUT6 (Prop_lut6_I5_O)        0.124    15.991 r  Result_OBUF[5]_inst_i_7/O
                         net (fo=3, routed)           0.824    16.815    P6_in[3]
    SLICE_X5Y69          LUT2 (Prop_lut2_I0_O)        0.124    16.939 r  Result_OBUF[8]_inst_i_9/O
                         net (fo=1, routed)           0.000    16.939    Result_OBUF[8]_inst_i_9_n_0
    SLICE_X5Y69          CARRY4 (Prop_carry4_S[3]_CO[3])
                                                      0.401    17.340 r  Result_OBUF[8]_inst_i_7/CO[3]
                         net (fo=1, routed)           0.000    17.340    Result_OBUF[8]_inst_i_7_n_0
    SLICE_X5Y70          CARRY4 (Prop_carry4_CI_O[0])
                                                      0.222    17.562 r  Result_OBUF[16]_inst_i_24/O[0]
                         net (fo=1, routed)           0.810    18.372    Y_tmp08_out[4]
    SLICE_X5Y71          LUT5 (Prop_lut5_I0_O)        0.299    18.671 r  Result_OBUF[9]_inst_i_6/O
                         net (fo=6, routed)           0.676    19.347    Result_OBUF[9]_inst_i_6_n_0
    SLICE_X4Y71          LUT6 (Prop_lut6_I5_O)        0.124    19.471 r  Result_OBUF[6]_inst_i_5/O
                         net (fo=3, routed)           0.828    20.299    P3_in[3]
    SLICE_X3Y69          LUT2 (Prop_lut2_I0_O)        0.124    20.423 r  Result_OBUF[6]_inst_i_9/O
                         net (fo=1, routed)           0.000    20.423    Result_OBUF[6]_inst_i_9_n_0
    SLICE_X3Y69          CARRY4 (Prop_carry4_S[3]_O[3])
                                                      0.248    20.671 r  Result_OBUF[6]_inst_i_2/O[3]
                         net (fo=1, routed)           0.963    21.634    Y_tmp04_out[3]
    SLICE_X4Y71          LUT6 (Prop_lut6_I4_O)        0.306    21.940 r  Result_OBUF[9]_inst_i_4/O
                         net (fo=6, routed)           1.490    23.430    Result_OBUF[9]_inst_i_4_n_0
    SLICE_X3Y66          LUT5 (Prop_lut5_I0_O)        0.124    23.554 r  Result_OBUF[13]_inst_i_22/O
                         net (fo=1, routed)           0.685    24.240    P1_in[2]
    SLICE_X2Y67          CARRY4 (Prop_carry4_DI[2]_CO[3])
                                                      0.404    24.644 r  Result_OBUF[13]_inst_i_9/CO[3]
                         net (fo=1, routed)           0.000    24.644    Result_OBUF[13]_inst_i_9_n_0
    SLICE_X2Y68          CARRY4 (Prop_carry4_CI_O[2])
                                                      0.239    24.883 r  Result_OBUF[13]_inst_i_4/O[2]
                         net (fo=2, routed)           1.228    26.111    Y_tmp0[6]
    SLICE_X1Y73          LUT6 (Prop_lut6_I3_O)        0.301    26.412 r  Result_OBUF[16]_inst_i_16/O
                         net (fo=3, routed)           0.607    27.019    Result_OBUF[16]_inst_i_16_n_0
    SLICE_X0Y70          LUT2 (Prop_lut2_I1_O)        0.124    27.143 r  Result_OBUF[16]_inst_i_12/O
                         net (fo=1, routed)           0.000    27.143    Result_OBUF[16]_inst_i_12_n_0
    SLICE_X0Y70          CARRY4 (Prop_carry4_S[1]_O[1])
                                                      0.227    27.370 r  Result_OBUF[16]_inst_i_3/O[1]
                         net (fo=1, routed)           0.817    28.187    P00_out[5]
    SLICE_X1Y72          LUT5 (Prop_lut5_I1_O)        0.331    28.518 r  Result_OBUF[13]_inst_i_3/O
                         net (fo=1, routed)           0.456    28.974    Result_OBUF[13]_inst_i_3_n_0
    SLICE_X2Y72          LUT6 (Prop_lut6_I1_O)        0.326    29.300 r  Result_OBUF[13]_inst_i_1/O
                         net (fo=1, routed)           1.731    31.031    Result_OBUF[13]
    V15                  OBUF (Prop_obuf_I_O)         3.552    34.583 r  Result_OBUF[13]_inst/O
                         net (fo=0)                   0.000    34.583    Result[13]
    V15                                                               r  Result[13] (OUT)
  -------------------------------------------------------------------    -------------------

Slack:                    inf
  Source:                 X[2]
                            (input port)
  Destination:            Result[12]
                            (output port)
  Path Group:             (none)
  Path Type:              Max at Slow Process Corner
  Data Path Delay:        34.582ns  (logic 11.633ns (33.639%)  route 22.949ns (66.361%))
  Logic Levels:           30  (CARRY4=10 IBUF=1 LUT2=3 LUT3=2 LUT5=2 LUT6=11 OBUF=1)

    Location             Delay type                Incr(ns)  Path(ns)    Netlist Resource(s)
  -------------------------------------------------------------------    -------------------
    L16                                               0.000     0.000 r  X[2] (IN)
                         net (fo=0)                   0.000     0.000    X[2]
    L16                  IBUF (Prop_ibuf_I_O)         1.480     1.480 r  X_IBUF[2]_inst/O
                         net (fo=37, routed)          4.411     5.891    X_IBUF[2]
    SLICE_X7Y74          LUT6 (Prop_lut6_I2_O)        0.124     6.015 r  Result_OBUF[6]_inst_i_14/O
                         net (fo=11, routed)          1.635     7.650    Result_OBUF[6]_inst_i_14_n_0
    SLICE_X9Y73          LUT3 (Prop_lut3_I1_O)        0.124     7.774 r  Result_OBUF[16]_inst_i_70/O
                         net (fo=1, routed)           0.000     7.774    Result_OBUF[16]_inst_i_70_n_0
    SLICE_X9Y73          CARRY4 (Prop_carry4_S[0]_O[0])
                                                      0.247     8.021 r  Result_OBUF[16]_inst_i_46/O[0]
                         net (fo=4, routed)           1.155     9.176    Y_tmp017_out[4]
    SLICE_X7Y71          LUT6 (Prop_lut6_I2_O)        0.299     9.475 r  Result_OBUF[5]_inst_i_33/O
                         net (fo=1, routed)           0.000     9.475    Result_OBUF[5]_inst_i_33_n_0
    SLICE_X7Y71          CARRY4 (Prop_carry4_S[3]_O[3])
                                                      0.248     9.723 r  Result_OBUF[5]_inst_i_16/O[3]
                         net (fo=2, routed)           1.563    11.286    Y_tmp013_out[3]
    SLICE_X8Y68          LUT5 (Prop_lut5_I2_O)        0.306    11.592 r  Result_OBUF[5]_inst_i_38/O
                         net (fo=1, routed)           0.670    12.262    Result_OBUF[5]_inst_i_38_n_0
    SLICE_X8Y68          LUT6 (Prop_lut6_I0_O)        0.124    12.386 r  Result_OBUF[5]_inst_i_23/O
                         net (fo=3, routed)           1.048    13.434    P9_in[2]
    SLICE_X7Y68          LUT2 (Prop_lut2_I0_O)        0.124    13.558 r  Result_OBUF[5]_inst_i_27/O
                         net (fo=1, routed)           0.000    13.558    Result_OBUF[5]_inst_i_27_n_0
    SLICE_X7Y68          CARRY4 (Prop_carry4_S[2]_CO[3])
                                                      0.398    13.956 r  Result_OBUF[5]_inst_i_15/CO[3]
                         net (fo=1, routed)           0.000    13.956    Result_OBUF[5]_inst_i_15_n_0
    SLICE_X7Y69          CARRY4 (Prop_carry4_CI_O[0])
                                                      0.222    14.178 r  Result_OBUF[13]_inst_i_39/O[0]
                         net (fo=1, routed)           0.797    14.975    Y_tmp010_out[4]
    SLICE_X6Y70          LUT6 (Prop_lut6_I0_O)        0.299    15.274 r  Result_OBUF[8]_inst_i_6/O
                         net (fo=3, routed)           0.593    15.867    Result_OBUF[8]_inst_i_6_n_0
    SLICE_X5Y68          LUT6 (Prop_lut6_I5_O)        0.124    15.991 r  Result_OBUF[5]_inst_i_7/O
                         net (fo=3, routed)           0.824    16.815    P6_in[3]
    SLICE_X5Y69          LUT2 (Prop_lut2_I0_O)        0.124    16.939 r  Result_OBUF[8]_inst_i_9/O
                         net (fo=1, routed)           0.000    16.939    Result_OBUF[8]_inst_i_9_n_0
    SLICE_X5Y69          CARRY4 (Prop_carry4_S[3]_CO[3])
                                                      0.401    17.340 r  Result_OBUF[8]_inst_i_7/CO[3]
                         net (fo=1, routed)           0.000    17.340    Result_OBUF[8]_inst_i_7_n_0
    SLICE_X5Y70          CARRY4 (Prop_carry4_CI_O[0])
                                                      0.222    17.562 r  Result_OBUF[16]_inst_i_24/O[0]
                         net (fo=1, routed)           0.810    18.372    Y_tmp08_out[4]
    SLICE_X5Y71          LUT5 (Prop_lut5_I0_O)        0.299    18.671 r  Result_OBUF[9]_inst_i_6/O
                         net (fo=6, routed)           0.676    19.347    Result_OBUF[9]_inst_i_6_n_0
    SLICE_X4Y71          LUT6 (Prop_lut6_I5_O)        0.124    19.471 r  Result_OBUF[6]_inst_i_5/O
                         net (fo=3, routed)           0.828    20.299    P3_in[3]
    SLICE_X3Y69          LUT2 (Prop_lut2_I0_O)        0.124    20.423 r  Result_OBUF[6]_inst_i_9/O
                         net (fo=1, routed)           0.000    20.423    Result_OBUF[6]_inst_i_9_n_0
    SLICE_X3Y69          CARRY4 (Prop_carry4_S[3]_CO[3])
                                                      0.401    20.824 r  Result_OBUF[6]_inst_i_2/CO[3]
                         net (fo=1, routed)           0.000    20.824    Result_OBUF[6]_inst_i_2_n_0
    SLICE_X3Y70          CARRY4 (Prop_carry4_CI_O[1])
                                                      0.334    21.158 r  Result_OBUF[13]_inst_i_20/O[1]
                         net (fo=1, routed)           0.645    21.803    Y_tmp04_out[5]
    SLICE_X3Y71          LUT6 (Prop_lut6_I4_O)        0.303    22.106 r  Result_OBUF[11]_inst_i_4/O
                         net (fo=6, routed)           0.963    23.069    Result_OBUF[11]_inst_i_4_n_0
    SLICE_X2Y70          LUT6 (Prop_lut6_I1_O)        0.124    23.194 r  Result_OBUF[12]_inst_i_12/O
                         net (fo=1, routed)           0.000    23.194    Result_OBUF[12]_inst_i_12_n_0
    SLICE_X2Y70          CARRY4 (Prop_carry4_S[0]_O[1])
                                                      0.427    23.621 r  Result_OBUF[12]_inst_i_4/O[1]
                         net (fo=3, routed)           1.346    24.967    Y_tmp02_out[5]
    SLICE_X2Y66          LUT3 (Prop_lut3_I2_O)        0.306    25.273 r  Result_OBUF[16]_inst_i_34/O
                         net (fo=2, routed)           1.769    27.042    Result_OBUF[16]_inst_i_34_n_0
    SLICE_X0Y72          LUT6 (Prop_lut6_I3_O)        0.124    27.166 r  Result_OBUF[16]_inst_i_21/O
                         net (fo=1, routed)           0.000    27.166    Result_OBUF[16]_inst_i_21_n_0
    SLICE_X0Y72          CARRY4 (Prop_carry4_S[0]_O[0])
                                                      0.247    27.413 r  Result_OBUF[16]_inst_i_4/O[0]
                         net (fo=1, routed)           1.103    28.516    P0[4]
    SLICE_X0Y68          LUT6 (Prop_lut6_I3_O)        0.299    28.815 r  Result_OBUF[12]_inst_i_2/O
                         net (fo=1, routed)           0.444    29.259    Result_OBUF[12]_inst_i_2_n_0
    SLICE_X0Y68          LUT6 (Prop_lut6_I0_O)        0.124    29.383 r  Result_OBUF[12]_inst_i_1/O
                         net (fo=1, routed)           1.668    31.051    Result_OBUF[12]
    T16                  OBUF (Prop_obuf_I_O)         3.531    34.582 r  Result_OBUF[12]_inst/O
                         net (fo=0)                   0.000    34.582    Result[12]
    T16                                                               r  Result[12] (OUT)
  -------------------------------------------------------------------    -------------------

Slack:                    inf
  Source:                 X[2]
                            (input port)
  Destination:            Result[10]
                            (output port)
  Path Group:             (none)
  Path Type:              Max at Slow Process Corner
  Data Path Delay:        34.562ns  (logic 11.197ns (32.396%)  route 23.366ns (67.604%))
  Logic Levels:           29  (CARRY4=9 IBUF=1 LUT2=3 LUT3=2 LUT5=4 LUT6=9 OBUF=1)

    Location             Delay type                Incr(ns)  Path(ns)    Netlist Resource(s)
  -------------------------------------------------------------------    -------------------
    L16                                               0.000     0.000 r  X[2] (IN)
                         net (fo=0)                   0.000     0.000    X[2]
    L16                  IBUF (Prop_ibuf_I_O)         1.480     1.480 r  X_IBUF[2]_inst/O
                         net (fo=37, routed)          4.411     5.891    X_IBUF[2]
    SLICE_X7Y74          LUT6 (Prop_lut6_I2_O)        0.124     6.015 r  Result_OBUF[6]_inst_i_14/O
                         net (fo=11, routed)          1.635     7.650    Result_OBUF[6]_inst_i_14_n_0
    SLICE_X9Y73          LUT3 (Prop_lut3_I1_O)        0.124     7.774 r  Result_OBUF[16]_inst_i_70/O
                         net (fo=1, routed)           0.000     7.774    Result_OBUF[16]_inst_i_70_n_0
    SLICE_X9Y73          CARRY4 (Prop_carry4_S[0]_O[0])
                                                      0.247     8.021 r  Result_OBUF[16]_inst_i_46/O[0]
                         net (fo=4, routed)           1.155     9.176    Y_tmp017_out[4]
    SLICE_X7Y71          LUT6 (Prop_lut6_I2_O)        0.299     9.475 r  Result_OBUF[5]_inst_i_33/O
                         net (fo=1, routed)           0.000     9.475    Result_OBUF[5]_inst_i_33_n_0
    SLICE_X7Y71          CARRY4 (Prop_carry4_S[3]_O[3])
                                                      0.248     9.723 r  Result_OBUF[5]_inst_i_16/O[3]
                         net (fo=2, routed)           1.563    11.286    Y_tmp013_out[3]
    SLICE_X8Y68          LUT5 (Prop_lut5_I2_O)        0.306    11.592 r  Result_OBUF[5]_inst_i_38/O
                         net (fo=1, routed)           0.670    12.262    Result_OBUF[5]_inst_i_38_n_0
    SLICE_X8Y68          LUT6 (Prop_lut6_I0_O)        0.124    12.386 r  Result_OBUF[5]_inst_i_23/O
                         net (fo=3, routed)           1.048    13.434    P9_in[2]
    SLICE_X7Y68          LUT2 (Prop_lut2_I0_O)        0.124    13.558 r  Result_OBUF[5]_inst_i_27/O
                         net (fo=1, routed)           0.000    13.558    Result_OBUF[5]_inst_i_27_n_0
    SLICE_X7Y68          CARRY4 (Prop_carry4_S[2]_CO[3])
                                                      0.398    13.956 r  Result_OBUF[5]_inst_i_15/CO[3]
                         net (fo=1, routed)           0.000    13.956    Result_OBUF[5]_inst_i_15_n_0
    SLICE_X7Y69          CARRY4 (Prop_carry4_CI_O[0])
                                                      0.222    14.178 r  Result_OBUF[13]_inst_i_39/O[0]
                         net (fo=1, routed)           0.797    14.975    Y_tmp010_out[4]
    SLICE_X6Y70          LUT6 (Prop_lut6_I0_O)        0.299    15.274 r  Result_OBUF[8]_inst_i_6/O
                         net (fo=3, routed)           0.593    15.867    Result_OBUF[8]_inst_i_6_n_0
    SLICE_X5Y68          LUT6 (Prop_lut6_I5_O)        0.124    15.991 r  Result_OBUF[5]_inst_i_7/O
                         net (fo=3, routed)           0.824    16.815    P6_in[3]
    SLICE_X5Y69          LUT2 (Prop_lut2_I0_O)        0.124    16.939 r  Result_OBUF[8]_inst_i_9/O
                         net (fo=1, routed)           0.000    16.939    Result_OBUF[8]_inst_i_9_n_0
    SLICE_X5Y69          CARRY4 (Prop_carry4_S[3]_CO[3])
                                                      0.401    17.340 r  Result_OBUF[8]_inst_i_7/CO[3]
                         net (fo=1, routed)           0.000    17.340    Result_OBUF[8]_inst_i_7_n_0
    SLICE_X5Y70          CARRY4 (Prop_carry4_CI_O[0])
                                                      0.222    17.562 r  Result_OBUF[16]_inst_i_24/O[0]
                         net (fo=1, routed)           0.810    18.372    Y_tmp08_out[4]
    SLICE_X5Y71          LUT5 (Prop_lut5_I0_O)        0.299    18.671 r  Result_OBUF[9]_inst_i_6/O
                         net (fo=6, routed)           0.676    19.347    Result_OBUF[9]_inst_i_6_n_0
    SLICE_X4Y71          LUT6 (Prop_lut6_I5_O)        0.124    19.471 r  Result_OBUF[6]_inst_i_5/O
                         net (fo=3, routed)           0.828    20.299    P3_in[3]
    SLICE_X3Y69          LUT2 (Prop_lut2_I0_O)        0.124    20.423 r  Result_OBUF[6]_inst_i_9/O
                         net (fo=1, routed)           0.000    20.423    Result_OBUF[6]_inst_i_9_n_0
    SLICE_X3Y69          CARRY4 (Prop_carry4_S[3]_O[3])
                                                      0.248    20.671 r  Result_OBUF[6]_inst_i_2/O[3]
                         net (fo=1, routed)           0.963    21.634    Y_tmp04_out[3]
    SLICE_X4Y71          LUT6 (Prop_lut6_I4_O)        0.306    21.940 r  Result_OBUF[9]_inst_i_4/O
                         net (fo=6, routed)           1.490    23.430    Result_OBUF[9]_inst_i_4_n_0
    SLICE_X3Y66          LUT5 (Prop_lut5_I0_O)        0.124    23.554 r  Result_OBUF[13]_inst_i_22/O
                         net (fo=1, routed)           0.685    24.240    P1_in[2]
    SLICE_X2Y67          CARRY4 (Prop_carry4_DI[2]_O[3])
                                                      0.447    24.687 r  Result_OBUF[13]_inst_i_9/O[3]
                         net (fo=3, routed)           0.650    25.337    Y_tmp0[3]
    SLICE_X1Y69          LUT5 (Prop_lut5_I2_O)        0.307    25.644 r  Result_OBUF[16]_inst_i_55/O
                         net (fo=2, routed)           0.961    26.605    Result_OBUF[16]_inst_i_55_n_0
    SLICE_X0Y71          LUT3 (Prop_lut3_I1_O)        0.124    26.729 r  Result_OBUF[16]_inst_i_42/O
                         net (fo=1, routed)           0.000    26.729    Result_OBUF[16]_inst_i_42_n_0
    SLICE_X0Y71          CARRY4 (Prop_carry4_S[2]_O[2])
                                                      0.248    26.977 r  Result_OBUF[16]_inst_i_14/O[2]
                         net (fo=1, routed)           0.946    27.923    P0[2]
    SLICE_X1Y68          LUT6 (Prop_lut6_I3_O)        0.302    28.225 r  Result_OBUF[10]_inst_i_2/O
                         net (fo=1, routed)           0.796    29.021    Result_OBUF[10]_inst_i_2_n_0
    SLICE_X1Y67          LUT6 (Prop_lut6_I0_O)        0.124    29.145 r  Result_OBUF[10]_inst_i_1/O
                         net (fo=1, routed)           1.863    31.008    Result_OBUF[10]
    T15                  OBUF (Prop_obuf_I_O)         3.554    34.562 r  Result_OBUF[10]_inst/O
                         net (fo=0)                   0.000    34.562    Result[10]
    T15                                                               r  Result[10] (OUT)
  -------------------------------------------------------------------    -------------------

Slack:                    inf
  Source:                 X[2]
                            (input port)
  Destination:            Result[14]
                            (output port)
  Path Group:             (none)
  Path Type:              Max at Slow Process Corner
  Data Path Delay:        34.495ns  (logic 11.595ns (33.613%)  route 22.900ns (66.387%))
  Logic Levels:           29  (CARRY4=10 IBUF=1 LUT2=4 LUT3=1 LUT5=3 LUT6=9 OBUF=1)

    Location             Delay type                Incr(ns)  Path(ns)    Netlist Resource(s)
  -------------------------------------------------------------------    -------------------
    L16                                               0.000     0.000 r  X[2] (IN)
                         net (fo=0)                   0.000     0.000    X[2]
    L16                  IBUF (Prop_ibuf_I_O)         1.480     1.480 r  X_IBUF[2]_inst/O
                         net (fo=37, routed)          4.411     5.891    X_IBUF[2]
    SLICE_X7Y74          LUT6 (Prop_lut6_I2_O)        0.124     6.015 r  Result_OBUF[6]_inst_i_14/O
                         net (fo=11, routed)          1.635     7.650    Result_OBUF[6]_inst_i_14_n_0
    SLICE_X9Y73          LUT3 (Prop_lut3_I1_O)        0.124     7.774 r  Result_OBUF[16]_inst_i_70/O
                         net (fo=1, routed)           0.000     7.774    Result_OBUF[16]_inst_i_70_n_0
    SLICE_X9Y73          CARRY4 (Prop_carry4_S[0]_O[0])
                                                      0.247     8.021 r  Result_OBUF[16]_inst_i_46/O[0]
                         net (fo=4, routed)           1.155     9.176    Y_tmp017_out[4]
    SLICE_X7Y71          LUT6 (Prop_lut6_I2_O)        0.299     9.475 r  Result_OBUF[5]_inst_i_33/O
                         net (fo=1, routed)           0.000     9.475    Result_OBUF[5]_inst_i_33_n_0
    SLICE_X7Y71          CARRY4 (Prop_carry4_S[3]_O[3])
                                                      0.248     9.723 r  Result_OBUF[5]_inst_i_16/O[3]
                         net (fo=2, routed)           1.563    11.286    Y_tmp013_out[3]
    SLICE_X8Y68          LUT5 (Prop_lut5_I2_O)        0.306    11.592 r  Result_OBUF[5]_inst_i_38/O
                         net (fo=1, routed)           0.670    12.262    Result_OBUF[5]_inst_i_38_n_0
    SLICE_X8Y68          LUT6 (Prop_lut6_I0_O)        0.124    12.386 r  Result_OBUF[5]_inst_i_23/O
                         net (fo=3, routed)           1.048    13.434    P9_in[2]
    SLICE_X7Y68          LUT2 (Prop_lut2_I0_O)        0.124    13.558 r  Result_OBUF[5]_inst_i_27/O
                         net (fo=1, routed)           0.000    13.558    Result_OBUF[5]_inst_i_27_n_0
    SLICE_X7Y68          CARRY4 (Prop_carry4_S[2]_CO[3])
                                                      0.398    13.956 r  Result_OBUF[5]_inst_i_15/CO[3]
                         net (fo=1, routed)           0.000    13.956    Result_OBUF[5]_inst_i_15_n_0
    SLICE_X7Y69          CARRY4 (Prop_carry4_CI_O[0])
                                                      0.222    14.178 r  Result_OBUF[13]_inst_i_39/O[0]
                         net (fo=1, routed)           0.797    14.975    Y_tmp010_out[4]
    SLICE_X6Y70          LUT6 (Prop_lut6_I0_O)        0.299    15.274 r  Result_OBUF[8]_inst_i_6/O
                         net (fo=3, routed)           0.593    15.867    Result_OBUF[8]_inst_i_6_n_0
    SLICE_X5Y68          LUT6 (Prop_lut6_I5_O)        0.124    15.991 r  Result_OBUF[5]_inst_i_7/O
                         net (fo=3, routed)           0.824    16.815    P6_in[3]
    SLICE_X5Y69          LUT2 (Prop_lut2_I0_O)        0.124    16.939 r  Result_OBUF[8]_inst_i_9/O
                         net (fo=1, routed)           0.000    16.939    Result_OBUF[8]_inst_i_9_n_0
    SLICE_X5Y69          CARRY4 (Prop_carry4_S[3]_CO[3])
                                                      0.401    17.340 r  Result_OBUF[8]_inst_i_7/CO[3]
                         net (fo=1, routed)           0.000    17.340    Result_OBUF[8]_inst_i_7_n_0
    SLICE_X5Y70          CARRY4 (Prop_carry4_CI_O[0])
                                                      0.222    17.562 r  Result_OBUF[16]_inst_i_24/O[0]
                         net (fo=1, routed)           0.810    18.372    Y_tmp08_out[4]
    SLICE_X5Y71          LUT5 (Prop_lut5_I0_O)        0.299    18.671 r  Result_OBUF[9]_inst_i_6/O
                         net (fo=6, routed)           0.676    19.347    Result_OBUF[9]_inst_i_6_n_0
    SLICE_X4Y71          LUT6 (Prop_lut6_I5_O)        0.124    19.471 r  Result_OBUF[6]_inst_i_5/O
                         net (fo=3, routed)           0.828    20.299    P3_in[3]
    SLICE_X3Y69          LUT2 (Prop_lut2_I0_O)        0.124    20.423 r  Result_OBUF[6]_inst_i_9/O
                         net (fo=1, routed)           0.000    20.423    Result_OBUF[6]_inst_i_9_n_0
    SLICE_X3Y69          CARRY4 (Prop_carry4_S[3]_O[3])
                                                      0.248    20.671 r  Result_OBUF[6]_inst_i_2/O[3]
                         net (fo=1, routed)           0.963    21.634    Y_tmp04_out[3]
    SLICE_X4Y71          LUT6 (Prop_lut6_I4_O)        0.306    21.940 r  Result_OBUF[9]_inst_i_4/O
                         net (fo=6, routed)           1.490    23.430    Result_OBUF[9]_inst_i_4_n_0
    SLICE_X3Y66          LUT5 (Prop_lut5_I0_O)        0.124    23.554 r  Result_OBUF[13]_inst_i_22/O
                         net (fo=1, routed)           0.685    24.240    P1_in[2]
    SLICE_X2Y67          CARRY4 (Prop_carry4_DI[2]_CO[3])
                                                      0.404    24.644 r  Result_OBUF[13]_inst_i_9/CO[3]
                         net (fo=1, routed)           0.000    24.644    Result_OBUF[13]_inst_i_9_n_0
    SLICE_X2Y68          CARRY4 (Prop_carry4_CI_O[2])
                                                      0.239    24.883 r  Result_OBUF[13]_inst_i_4/O[2]
                         net (fo=2, routed)           1.228    26.111    Y_tmp0[6]
    SLICE_X1Y73          LUT6 (Prop_lut6_I3_O)        0.301    26.412 r  Result_OBUF[16]_inst_i_16/O
                         net (fo=3, routed)           0.607    27.019    Result_OBUF[16]_inst_i_16_n_0
    SLICE_X0Y70          LUT2 (Prop_lut2_I1_O)        0.124    27.143 r  Result_OBUF[16]_inst_i_12/O
                         net (fo=1, routed)           0.000    27.143    Result_OBUF[16]_inst_i_12_n_0
    SLICE_X0Y70          CARRY4 (Prop_carry4_S[1]_O[2])
                                                      0.580    27.723 r  Result_OBUF[16]_inst_i_3/O[2]
                         net (fo=1, routed)           0.644    28.367    P00_out[6]
    SLICE_X1Y71          LUT6 (Prop_lut6_I1_O)        0.302    28.669 r  Result_OBUF[14]_inst_i_1/O
                         net (fo=1, routed)           2.272    30.941    Result_OBUF[14]
    V14                  OBUF (Prop_obuf_I_O)         3.554    34.495 r  Result_OBUF[14]_inst/O
                         net (fo=0)                   0.000    34.495    Result[14]
    V14                                                               r  Result[14] (OUT)
  -------------------------------------------------------------------    -------------------

Slack:                    inf
  Source:                 X[2]
                            (input port)
  Destination:            Result[11]
                            (output port)
  Path Group:             (none)
  Path Type:              Max at Slow Process Corner
  Data Path Delay:        33.864ns  (logic 11.303ns (33.378%)  route 22.561ns (66.622%))
  Logic Levels:           29  (CARRY4=9 IBUF=1 LUT2=3 LUT3=2 LUT5=4 LUT6=9 OBUF=1)

    Location             Delay type                Incr(ns)  Path(ns)    Netlist Resource(s)
  -------------------------------------------------------------------    -------------------
    L16                                               0.000     0.000 r  X[2] (IN)
                         net (fo=0)                   0.000     0.000    X[2]
    L16                  IBUF (Prop_ibuf_I_O)         1.480     1.480 r  X_IBUF[2]_inst/O
                         net (fo=37, routed)          4.411     5.891    X_IBUF[2]
    SLICE_X7Y74          LUT6 (Prop_lut6_I2_O)        0.124     6.015 r  Result_OBUF[6]_inst_i_14/O
                         net (fo=11, routed)          1.635     7.650    Result_OBUF[6]_inst_i_14_n_0
    SLICE_X9Y73          LUT3 (Prop_lut3_I1_O)        0.124     7.774 r  Result_OBUF[16]_inst_i_70/O
                         net (fo=1, routed)           0.000     7.774    Result_OBUF[16]_inst_i_70_n_0
    SLICE_X9Y73          CARRY4 (Prop_carry4_S[0]_O[0])
                                                      0.247     8.021 r  Result_OBUF[16]_inst_i_46/O[0]
                         net (fo=4, routed)           1.155     9.176    Y_tmp017_out[4]
    SLICE_X7Y71          LUT6 (Prop_lut6_I2_O)        0.299     9.475 r  Result_OBUF[5]_inst_i_33/O
                         net (fo=1, routed)           0.000     9.475    Result_OBUF[5]_inst_i_33_n_0
    SLICE_X7Y71          CARRY4 (Prop_carry4_S[3]_O[3])
                                                      0.248     9.723 r  Result_OBUF[5]_inst_i_16/O[3]
                         net (fo=2, routed)           1.563    11.286    Y_tmp013_out[3]
    SLICE_X8Y68          LUT5 (Prop_lut5_I2_O)        0.306    11.592 r  Result_OBUF[5]_inst_i_38/O
                         net (fo=1, routed)           0.670    12.262    Result_OBUF[5]_inst_i_38_n_0
    SLICE_X8Y68          LUT6 (Prop_lut6_I0_O)        0.124    12.386 r  Result_OBUF[5]_inst_i_23/O
                         net (fo=3, routed)           1.048    13.434    P9_in[2]
    SLICE_X7Y68          LUT2 (Prop_lut2_I0_O)        0.124    13.558 r  Result_OBUF[5]_inst_i_27/O
                         net (fo=1, routed)           0.000    13.558    Result_OBUF[5]_inst_i_27_n_0
    SLICE_X7Y68          CARRY4 (Prop_carry4_S[2]_CO[3])
                                                      0.398    13.956 r  Result_OBUF[5]_inst_i_15/CO[3]
                         net (fo=1, routed)           0.000    13.956    Result_OBUF[5]_inst_i_15_n_0
    SLICE_X7Y69          CARRY4 (Prop_carry4_CI_O[0])
                                                      0.222    14.178 r  Result_OBUF[13]_inst_i_39/O[0]
                         net (fo=1, routed)           0.797    14.975    Y_tmp010_out[4]
    SLICE_X6Y70          LUT6 (Prop_lut6_I0_O)        0.299    15.274 r  Result_OBUF[8]_inst_i_6/O
                         net (fo=3, routed)           0.593    15.867    Result_OBUF[8]_inst_i_6_n_0
    SLICE_X5Y68          LUT6 (Prop_lut6_I5_O)        0.124    15.991 r  Result_OBUF[5]_inst_i_7/O
                         net (fo=3, routed)           0.824    16.815    P6_in[3]
    SLICE_X5Y69          LUT2 (Prop_lut2_I0_O)        0.124    16.939 r  Result_OBUF[8]_inst_i_9/O
                         net (fo=1, routed)           0.000    16.939    Result_OBUF[8]_inst_i_9_n_0
    SLICE_X5Y69          CARRY4 (Prop_carry4_S[3]_CO[3])
                                                      0.401    17.340 r  Result_OBUF[8]_inst_i_7/CO[3]
                         net (fo=1, routed)           0.000    17.340    Result_OBUF[8]_inst_i_7_n_0
    SLICE_X5Y70          CARRY4 (Prop_carry4_CI_O[0])
                                                      0.222    17.562 r  Result_OBUF[16]_inst_i_24/O[0]
                         net (fo=1, routed)           0.810    18.372    Y_tmp08_out[4]
    SLICE_X5Y71          LUT5 (Prop_lut5_I0_O)        0.299    18.671 r  Result_OBUF[9]_inst_i_6/O
                         net (fo=6, routed)           0.676    19.347    Result_OBUF[9]_inst_i_6_n_0
    SLICE_X4Y71          LUT6 (Prop_lut6_I5_O)        0.124    19.471 r  Result_OBUF[6]_inst_i_5/O
                         net (fo=3, routed)           0.828    20.299    P3_in[3]
    SLICE_X3Y69          LUT2 (Prop_lut2_I0_O)        0.124    20.423 r  Result_OBUF[6]_inst_i_9/O
                         net (fo=1, routed)           0.000    20.423    Result_OBUF[6]_inst_i_9_n_0
    SLICE_X3Y69          CARRY4 (Prop_carry4_S[3]_O[3])
                                                      0.248    20.671 r  Result_OBUF[6]_inst_i_2/O[3]
                         net (fo=1, routed)           0.963    21.634    Y_tmp04_out[3]
    SLICE_X4Y71          LUT6 (Prop_lut6_I4_O)        0.306    21.940 r  Result_OBUF[9]_inst_i_4/O
                         net (fo=6, routed)           1.490    23.430    Result_OBUF[9]_inst_i_4_n_0
    SLICE_X3Y66          LUT5 (Prop_lut5_I0_O)        0.124    23.554 r  Result_OBUF[13]_inst_i_22/O
                         net (fo=1, routed)           0.685    24.240    P1_in[2]
    SLICE_X2Y67          CARRY4 (Prop_carry4_DI[2]_O[3])
                                                      0.447    24.687 r  Result_OBUF[13]_inst_i_9/O[3]
                         net (fo=3, routed)           0.650    25.337    Y_tmp0[3]
    SLICE_X1Y69          LUT5 (Prop_lut5_I2_O)        0.307    25.644 r  Result_OBUF[16]_inst_i_55/O
                         net (fo=2, routed)           0.961    26.605    Result_OBUF[16]_inst_i_55_n_0
    SLICE_X0Y71          LUT3 (Prop_lut3_I1_O)        0.124    26.729 r  Result_OBUF[16]_inst_i_42/O
                         net (fo=1, routed)           0.000    26.729    Result_OBUF[16]_inst_i_42_n_0
    SLICE_X0Y71          CARRY4 (Prop_carry4_S[2]_O[3])
                                                      0.352    27.081 r  Result_OBUF[16]_inst_i_14/O[3]
                         net (fo=1, routed)           0.727    27.808    P0[3]
    SLICE_X1Y68          LUT6 (Prop_lut6_I3_O)        0.306    28.114 r  Result_OBUF[11]_inst_i_2/O
                         net (fo=1, routed)           0.151    28.266    Result_OBUF[11]_inst_i_2_n_0
    SLICE_X1Y68          LUT6 (Prop_lut6_I0_O)        0.124    28.390 r  Result_OBUF[11]_inst_i_1/O
                         net (fo=1, routed)           1.922    30.311    Result_OBUF[11]
    U14                  OBUF (Prop_obuf_I_O)         3.552    33.864 r  Result_OBUF[11]_inst/O
                         net (fo=0)                   0.000    33.864    Result[11]
    U14                                                               r  Result[11] (OUT)
  -------------------------------------------------------------------    -------------------

Slack:                    inf
  Source:                 X[2]
                            (input port)
  Destination:            Result[9]
                            (output port)
  Path Group:             (none)
  Path Type:              Max at Slow Process Corner
  Data Path Delay:        32.483ns  (logic 10.967ns (33.763%)  route 21.516ns (66.237%))
  Logic Levels:           29  (CARRY4=9 IBUF=1 LUT2=3 LUT3=2 LUT5=3 LUT6=10 OBUF=1)

    Location             Delay type                Incr(ns)  Path(ns)    Netlist Resource(s)
  -------------------------------------------------------------------    -------------------
    L16                                               0.000     0.000 r  X[2] (IN)
                         net (fo=0)                   0.000     0.000    X[2]
    L16                  IBUF (Prop_ibuf_I_O)         1.480     1.480 r  X_IBUF[2]_inst/O
                         net (fo=37, routed)          4.411     5.891    X_IBUF[2]
    SLICE_X7Y74          LUT6 (Prop_lut6_I2_O)        0.124     6.015 r  Result_OBUF[6]_inst_i_14/O
                         net (fo=11, routed)          1.635     7.650    Result_OBUF[6]_inst_i_14_n_0
    SLICE_X9Y73          LUT3 (Prop_lut3_I1_O)        0.124     7.774 r  Result_OBUF[16]_inst_i_70/O
                         net (fo=1, routed)           0.000     7.774    Result_OBUF[16]_inst_i_70_n_0
    SLICE_X9Y73          CARRY4 (Prop_carry4_S[0]_O[0])
                                                      0.247     8.021 r  Result_OBUF[16]_inst_i_46/O[0]
                         net (fo=4, routed)           1.155     9.176    Y_tmp017_out[4]
    SLICE_X7Y71          LUT6 (Prop_lut6_I2_O)        0.299     9.475 r  Result_OBUF[5]_inst_i_33/O
                         net (fo=1, routed)           0.000     9.475    Result_OBUF[5]_inst_i_33_n_0
    SLICE_X7Y71          CARRY4 (Prop_carry4_S[3]_O[3])
                                                      0.248     9.723 r  Result_OBUF[5]_inst_i_16/O[3]
                         net (fo=2, routed)           1.563    11.286    Y_tmp013_out[3]
    SLICE_X8Y68          LUT5 (Prop_lut5_I2_O)        0.306    11.592 r  Result_OBUF[5]_inst_i_38/O
                         net (fo=1, routed)           0.670    12.262    Result_OBUF[5]_inst_i_38_n_0
    SLICE_X8Y68          LUT6 (Prop_lut6_I0_O)        0.124    12.386 r  Result_OBUF[5]_inst_i_23/O
                         net (fo=3, routed)           1.048    13.434    P9_in[2]
    SLICE_X7Y68          LUT2 (Prop_lut2_I0_O)        0.124    13.558 r  Result_OBUF[5]_inst_i_27/O
                         net (fo=1, routed)           0.000    13.558    Result_OBUF[5]_inst_i_27_n_0
    SLICE_X7Y68          CARRY4 (Prop_carry4_S[2]_CO[3])
                                                      0.398    13.956 r  Result_OBUF[5]_inst_i_15/CO[3]
                         net (fo=1, routed)           0.000    13.956    Result_OBUF[5]_inst_i_15_n_0
    SLICE_X7Y69          CARRY4 (Prop_carry4_CI_O[0])
                                                      0.222    14.178 r  Result_OBUF[13]_inst_i_39/O[0]
                         net (fo=1, routed)           0.797    14.975    Y_tmp010_out[4]
    SLICE_X6Y70          LUT6 (Prop_lut6_I0_O)        0.299    15.274 r  Result_OBUF[8]_inst_i_6/O
                         net (fo=3, routed)           0.593    15.867    Result_OBUF[8]_inst_i_6_n_0
    SLICE_X5Y68          LUT6 (Prop_lut6_I5_O)        0.124    15.991 r  Result_OBUF[5]_inst_i_7/O
                         net (fo=3, routed)           0.824    16.815    P6_in[3]
    SLICE_X5Y69          LUT2 (Prop_lut2_I0_O)        0.124    16.939 r  Result_OBUF[8]_inst_i_9/O
                         net (fo=1, routed)           0.000    16.939    Result_OBUF[8]_inst_i_9_n_0
    SLICE_X5Y69          CARRY4 (Prop_carry4_S[3]_CO[3])
                                                      0.401    17.340 r  Result_OBUF[8]_inst_i_7/CO[3]
                         net (fo=1, routed)           0.000    17.340    Result_OBUF[8]_inst_i_7_n_0
    SLICE_X5Y70          CARRY4 (Prop_carry4_CI_O[0])
                                                      0.222    17.562 r  Result_OBUF[16]_inst_i_24/O[0]
                         net (fo=1, routed)           0.810    18.372    Y_tmp08_out[4]
    SLICE_X5Y71          LUT5 (Prop_lut5_I0_O)        0.299    18.671 r  Result_OBUF[9]_inst_i_6/O
                         net (fo=6, routed)           0.676    19.347    Result_OBUF[9]_inst_i_6_n_0
    SLICE_X4Y71          LUT6 (Prop_lut6_I5_O)        0.124    19.471 r  Result_OBUF[6]_inst_i_5/O
                         net (fo=3, routed)           0.828    20.299    P3_in[3]
    SLICE_X3Y69          LUT2 (Prop_lut2_I0_O)        0.124    20.423 r  Result_OBUF[6]_inst_i_9/O
                         net (fo=1, routed)           0.000    20.423    Result_OBUF[6]_inst_i_9_n_0
    SLICE_X3Y69          CARRY4 (Prop_carry4_S[3]_O[3])
                                                      0.248    20.671 r  Result_OBUF[6]_inst_i_2/O[3]
                         net (fo=1, routed)           0.963    21.634    Y_tmp04_out[3]
    SLICE_X4Y71          LUT6 (Prop_lut6_I4_O)        0.306    21.940 r  Result_OBUF[9]_inst_i_4/O
                         net (fo=6, routed)           1.290    23.230    Result_OBUF[9]_inst_i_4_n_0
    SLICE_X2Y67          LUT6 (Prop_lut6_I0_O)        0.124    23.354 r  Result_OBUF[13]_inst_i_25/O
                         net (fo=1, routed)           0.000    23.354    Result_OBUF[13]_inst_i_25_n_0
    SLICE_X2Y67          CARRY4 (Prop_carry4_S[2]_O[2])
                                                      0.250    23.604 r  Result_OBUF[13]_inst_i_9/O[2]
                         net (fo=3, routed)           0.803    24.408    Y_tmp0[2]
    SLICE_X1Y67          LUT5 (Prop_lut5_I2_O)        0.301    24.709 r  Result_OBUF[16]_inst_i_57/O
                         net (fo=2, routed)           0.573    25.282    Result_OBUF[16]_inst_i_57_n_0
    SLICE_X0Y71          LUT3 (Prop_lut3_I1_O)        0.124    25.406 r  Result_OBUF[16]_inst_i_43/O
                         net (fo=1, routed)           0.000    25.406    Result_OBUF[16]_inst_i_43_n_0
    SLICE_X0Y71          CARRY4 (Prop_carry4_S[1]_O[1])
                                                      0.227    25.633 r  Result_OBUF[16]_inst_i_14/O[1]
                         net (fo=1, routed)           0.566    26.198    P0[1]
    SLICE_X0Y68          LUT6 (Prop_lut6_I3_O)        0.303    26.501 r  Result_OBUF[9]_inst_i_2/O
                         net (fo=1, routed)           0.643    27.144    Result_OBUF[9]_inst_i_2_n_0
    SLICE_X0Y67          LUT6 (Prop_lut6_I0_O)        0.124    27.268 r  Result_OBUF[9]_inst_i_1/O
                         net (fo=1, routed)           1.668    28.935    Result_OBUF[9]
    V16                  OBUF (Prop_obuf_I_O)         3.548    32.483 r  Result_OBUF[9]_inst/O
                         net (fo=0)                   0.000    32.483    Result[9]
    V16                                                               r  Result[9] (OUT)
  -------------------------------------------------------------------    -------------------

Slack:                    inf
  Source:                 X[2]
                            (input port)
  Destination:            Result[8]
                            (output port)
  Path Group:             (none)
  Path Type:              Max at Slow Process Corner
  Data Path Delay:        32.056ns  (logic 10.834ns (33.796%)  route 21.222ns (66.204%))
  Logic Levels:           28  (CARRY4=8 IBUF=1 LUT2=3 LUT3=2 LUT5=3 LUT6=10 OBUF=1)

    Location             Delay type                Incr(ns)  Path(ns)    Netlist Resource(s)
  -------------------------------------------------------------------    -------------------
    L16                                               0.000     0.000 r  X[2] (IN)
                         net (fo=0)                   0.000     0.000    X[2]
    L16                  IBUF (Prop_ibuf_I_O)         1.480     1.480 r  X_IBUF[2]_inst/O
                         net (fo=37, routed)          4.411     5.891    X_IBUF[2]
    SLICE_X7Y74          LUT6 (Prop_lut6_I2_O)        0.124     6.015 r  Result_OBUF[6]_inst_i_14/O
                         net (fo=11, routed)          1.635     7.650    Result_OBUF[6]_inst_i_14_n_0
    SLICE_X9Y73          LUT3 (Prop_lut3_I1_O)        0.124     7.774 r  Result_OBUF[16]_inst_i_70/O
                         net (fo=1, routed)           0.000     7.774    Result_OBUF[16]_inst_i_70_n_0
    SLICE_X9Y73          CARRY4 (Prop_carry4_S[0]_O[0])
                                                      0.247     8.021 r  Result_OBUF[16]_inst_i_46/O[0]
                         net (fo=4, routed)           1.155     9.176    Y_tmp017_out[4]
    SLICE_X7Y71          LUT6 (Prop_lut6_I2_O)        0.299     9.475 r  Result_OBUF[5]_inst_i_33/O
                         net (fo=1, routed)           0.000     9.475    Result_OBUF[5]_inst_i_33_n_0
    SLICE_X7Y71          CARRY4 (Prop_carry4_S[3]_O[3])
                                                      0.248     9.723 r  Result_OBUF[5]_inst_i_16/O[3]
                         net (fo=2, routed)           1.563    11.286    Y_tmp013_out[3]
    SLICE_X8Y68          LUT5 (Prop_lut5_I2_O)        0.306    11.592 r  Result_OBUF[5]_inst_i_38/O
                         net (fo=1, routed)           0.670    12.262    Result_OBUF[5]_inst_i_38_n_0
    SLICE_X8Y68          LUT6 (Prop_lut6_I0_O)        0.124    12.386 r  Result_OBUF[5]_inst_i_23/O
                         net (fo=3, routed)           1.048    13.434    P9_in[2]
    SLICE_X7Y68          LUT2 (Prop_lut2_I0_O)        0.124    13.558 r  Result_OBUF[5]_inst_i_27/O
                         net (fo=1, routed)           0.000    13.558    Result_OBUF[5]_inst_i_27_n_0
    SLICE_X7Y68          CARRY4 (Prop_carry4_S[2]_CO[3])
                                                      0.398    13.956 r  Result_OBUF[5]_inst_i_15/CO[3]
                         net (fo=1, routed)           0.000    13.956    Result_OBUF[5]_inst_i_15_n_0
    SLICE_X7Y69          CARRY4 (Prop_carry4_CI_O[0])
                                                      0.222    14.178 r  Result_OBUF[13]_inst_i_39/O[0]
                         net (fo=1, routed)           0.797    14.975    Y_tmp010_out[4]
    SLICE_X6Y70          LUT6 (Prop_lut6_I0_O)        0.299    15.274 r  Result_OBUF[8]_inst_i_6/O
                         net (fo=3, routed)           0.593    15.867    Result_OBUF[8]_inst_i_6_n_0
    SLICE_X5Y68          LUT6 (Prop_lut6_I5_O)        0.124    15.991 r  Result_OBUF[5]_inst_i_7/O
                         net (fo=3, routed)           0.824    16.815    P6_in[3]
    SLICE_X5Y69          LUT2 (Prop_lut2_I0_O)        0.124    16.939 r  Result_OBUF[8]_inst_i_9/O
                         net (fo=1, routed)           0.000    16.939    Result_OBUF[8]_inst_i_9_n_0
    SLICE_X5Y69          CARRY4 (Prop_carry4_S[3]_O[3])
                                                      0.248    17.187 r  Result_OBUF[8]_inst_i_7/O[3]
                         net (fo=1, routed)           0.587    17.774    Y_tmp08_out[3]
    SLICE_X5Y68          LUT5 (Prop_lut5_I0_O)        0.306    18.080 r  Result_OBUF[8]_inst_i_5/O
                         net (fo=6, routed)           0.886    18.966    Result_OBUF[8]_inst_i_5_n_0
    SLICE_X4Y68          LUT6 (Prop_lut6_I5_O)        0.124    19.090 r  Result_OBUF[6]_inst_i_6/O
                         net (fo=3, routed)           0.587    19.676    P3_in[2]
    SLICE_X3Y69          LUT2 (Prop_lut2_I0_O)        0.124    19.800 r  Result_OBUF[6]_inst_i_10/O
                         net (fo=1, routed)           0.000    19.800    Result_OBUF[6]_inst_i_10_n_0
    SLICE_X3Y69          CARRY4 (Prop_carry4_S[2]_O[2])
                                                      0.248    20.048 r  Result_OBUF[6]_inst_i_2/O[2]
                         net (fo=1, routed)           0.445    20.493    Y_tmp04_out[2]
    SLICE_X4Y68          LUT6 (Prop_lut6_I4_O)        0.302    20.795 r  Result_OBUF[8]_inst_i_4/O
                         net (fo=5, routed)           1.101    21.896    Result_OBUF[8]_inst_i_4_n_0
    SLICE_X2Y67          LUT6 (Prop_lut6_I0_O)        0.124    22.020 r  Result_OBUF[13]_inst_i_26/O
                         net (fo=1, routed)           0.000    22.020    Result_OBUF[13]_inst_i_26_n_0
    SLICE_X2Y67          CARRY4 (Prop_carry4_S[1]_O[1])
                                                      0.230    22.250 r  Result_OBUF[13]_inst_i_9/O[1]
                         net (fo=2, routed)           0.961    23.211    Y_tmp0[1]
    SLICE_X1Y69          LUT5 (Prop_lut5_I2_O)        0.334    23.545 r  Result_OBUF[16]_inst_i_59/O
                         net (fo=2, routed)           0.653    24.197    Result_OBUF[16]_inst_i_59_n_0
    SLICE_X0Y69          LUT3 (Prop_lut3_I1_O)        0.326    24.523 r  Result_OBUF[16]_inst_i_29/O
                         net (fo=1, routed)           0.000    24.523    Result_OBUF[16]_inst_i_29_n_0
    SLICE_X0Y69          CARRY4 (Prop_carry4_S[0]_O[0])
                                                      0.247    24.770 r  Result_OBUF[16]_inst_i_9/O[0]
                         net (fo=1, routed)           0.947    25.717    P00_out[0]
    SLICE_X1Y68          LUT6 (Prop_lut6_I1_O)        0.299    26.016 r  Result_OBUF[8]_inst_i_2/O
                         net (fo=1, routed)           0.505    26.521    Result_OBUF[8]_inst_i_2_n_0
    SLICE_X1Y67          LUT6 (Prop_lut6_I0_O)        0.124    26.645 r  Result_OBUF[8]_inst_i_1/O
                         net (fo=1, routed)           1.856    28.501    Result_OBUF[8]
    U16                  OBUF (Prop_obuf_I_O)         3.555    32.056 r  Result_OBUF[8]_inst/O
                         net (fo=0)                   0.000    32.056    Result[8]
    U16                                                               r  Result[8] (OUT)
  -------------------------------------------------------------------    -------------------

Slack:                    inf
  Source:                 X[2]
                            (input port)
  Destination:            Result[7]
                            (output port)
  Path Group:             (none)
  Path Type:              Max at Slow Process Corner
  Data Path Delay:        28.937ns  (logic 10.059ns (34.761%)  route 18.878ns (65.239%))
  Logic Levels:           22  (CARRY4=6 IBUF=1 LUT2=1 LUT3=2 LUT4=2 LUT5=2 LUT6=7 OBUF=1)

    Location             Delay type                Incr(ns)  Path(ns)    Netlist Resource(s)
  -------------------------------------------------------------------    -------------------
    L16                                               0.000     0.000 r  X[2] (IN)
                         net (fo=0)                   0.000     0.000    X[2]
    L16                  IBUF (Prop_ibuf_I_O)         1.480     1.480 r  X_IBUF[2]_inst/O
                         net (fo=37, routed)          4.411     5.891    X_IBUF[2]
    SLICE_X7Y74          LUT6 (Prop_lut6_I2_O)        0.124     6.015 r  Result_OBUF[6]_inst_i_14/O
                         net (fo=11, routed)          1.635     7.650    Result_OBUF[6]_inst_i_14_n_0
    SLICE_X9Y73          LUT3 (Prop_lut3_I1_O)        0.124     7.774 r  Result_OBUF[16]_inst_i_70/O
                         net (fo=1, routed)           0.000     7.774    Result_OBUF[16]_inst_i_70_n_0
    SLICE_X9Y73          CARRY4 (Prop_carry4_S[0]_O[0])
                                                      0.247     8.021 r  Result_OBUF[16]_inst_i_46/O[0]
                         net (fo=4, routed)           1.155     9.176    Y_tmp017_out[4]
    SLICE_X7Y71          LUT6 (Prop_lut6_I2_O)        0.299     9.475 r  Result_OBUF[5]_inst_i_33/O
                         net (fo=1, routed)           0.000     9.475    Result_OBUF[5]_inst_i_33_n_0
    SLICE_X7Y71          CARRY4 (Prop_carry4_S[3]_O[3])
                                                      0.248     9.723 r  Result_OBUF[5]_inst_i_16/O[3]
                         net (fo=2, routed)           1.563    11.286    Y_tmp013_out[3]
    SLICE_X8Y68          LUT5 (Prop_lut5_I2_O)        0.306    11.592 r  Result_OBUF[5]_inst_i_38/O
                         net (fo=1, routed)           0.670    12.262    Result_OBUF[5]_inst_i_38_n_0
    SLICE_X8Y68          LUT6 (Prop_lut6_I0_O)        0.124    12.386 r  Result_OBUF[5]_inst_i_23/O
                         net (fo=3, routed)           1.048    13.434    P9_in[2]
    SLICE_X7Y68          LUT2 (Prop_lut2_I0_O)        0.124    13.558 r  Result_OBUF[5]_inst_i_27/O
                         net (fo=1, routed)           0.000    13.558    Result_OBUF[5]_inst_i_27_n_0
    SLICE_X7Y68          CARRY4 (Prop_carry4_S[2]_O[2])
                                                      0.248    13.806 r  Result_OBUF[5]_inst_i_15/O[2]
                         net (fo=1, routed)           0.595    14.401    Y_tmp010_out[2]
    SLICE_X6Y67          LUT6 (Prop_lut6_I0_O)        0.302    14.703 r  Result_OBUF[6]_inst_i_15/O
                         net (fo=4, routed)           0.812    15.515    Result_OBUF[6]_inst_i_15_n_0
    SLICE_X5Y67          LUT5 (Prop_lut5_I1_O)        0.124    15.639 r  Result_OBUF[5]_inst_i_9/O
                         net (fo=1, routed)           0.522    16.161    P6_in[1]
    SLICE_X4Y69          CARRY4 (Prop_carry4_DI[1]_O[2])
                                                      0.537    16.698 r  Result_OBUF[5]_inst_i_3/O[2]
                         net (fo=1, routed)           0.818    17.516    Y_tmp07_out[2]
    SLICE_X4Y67          LUT6 (Prop_lut6_I4_O)        0.302    17.818 r  Result_OBUF[7]_inst_i_6/O
                         net (fo=5, routed)           0.893    18.711    Result_OBUF[7]_inst_i_6_n_0
    SLICE_X3Y69          LUT4 (Prop_lut4_I2_O)        0.124    18.835 r  Result_OBUF[6]_inst_i_11/O
                         net (fo=1, routed)           0.000    18.835    Result_OBUF[6]_inst_i_11_n_0
    SLICE_X3Y69          CARRY4 (Prop_carry4_S[1]_O[1])
                                                      0.227    19.062 r  Result_OBUF[6]_inst_i_2/O[1]
                         net (fo=2, routed)           0.833    19.895    Y_tmp04_out[1]
    SLICE_X3Y71          LUT3 (Prop_lut3_I1_O)        0.331    20.226 r  Result_OBUF[10]_inst_i_12/O
                         net (fo=2, routed)           0.976    21.201    Result_OBUF[10]_inst_i_12_n_0
    SLICE_X2Y67          LUT6 (Prop_lut6_I5_O)        0.332    21.533 r  Result_OBUF[13]_inst_i_27/O
                         net (fo=1, routed)           0.000    21.533    Result_OBUF[13]_inst_i_27_n_0
    SLICE_X2Y67          CARRY4 (Prop_carry4_S[0]_O[0])
                                                      0.252    21.785 r  Result_OBUF[13]_inst_i_9/O[0]
                         net (fo=1, routed)           0.834    22.619    Y_tmp0[0]
    SLICE_X2Y66          LUT4 (Prop_lut4_I1_O)        0.321    22.940 r  Result_OBUF[7]_inst_i_3/O
                         net (fo=1, routed)           0.452    23.392    Result_OBUF[7]_inst_i_3_n_0
    SLICE_X2Y66          LUT6 (Prop_lut6_I1_O)        0.328    23.720 r  Result_OBUF[7]_inst_i_1/O
                         net (fo=1, routed)           1.662    25.382    Result_OBUF[7]
    U17                  OBUF (Prop_obuf_I_O)         3.555    28.937 r  Result_OBUF[7]_inst/O
                         net (fo=0)                   0.000    28.937    Result[7]
    U17                                                               r  Result[7] (OUT)
  -------------------------------------------------------------------    -------------------





Min Delay Paths
--------------------------------------------------------------------------------------
Slack:                    inf
  Source:                 Y[7]
                            (input port)
  Destination:            Result[7]
                            (output port)
  Path Group:             (none)
  Path Type:              Min at Fast Process Corner
  Data Path Delay:        2.586ns  (logic 1.692ns (65.443%)  route 0.894ns (34.557%))
  Logic Levels:           4  (IBUF=1 LUT4=1 LUT6=1 OBUF=1)

    Location             Delay type                Incr(ns)  Path(ns)    Netlist Resource(s)
  -------------------------------------------------------------------    -------------------
    U11                                               0.000     0.000 r  Y[7] (IN)
                         net (fo=0)                   0.000     0.000    Y[7]
    U11                  IBUF (Prop_ibuf_I_O)         0.277     0.277 r  Y_IBUF[7]_inst/O
                         net (fo=45, routed)          0.426     0.703    Y_IBUF[7]
    SLICE_X2Y66          LUT4 (Prop_lut4_I3_O)        0.048     0.751 r  Result_OBUF[7]_inst_i_3/O
                         net (fo=1, routed)           0.141     0.892    Result_OBUF[7]_inst_i_3_n_0
    SLICE_X2Y66          LUT6 (Prop_lut6_I1_O)        0.111     1.003 r  Result_OBUF[7]_inst_i_1/O
                         net (fo=1, routed)           0.327     1.330    Result_OBUF[7]
    U17                  OBUF (Prop_obuf_I_O)         1.256     2.586 r  Result_OBUF[7]_inst/O
                         net (fo=0)                   0.000     2.586    Result[7]
    U17                                                               r  Result[7] (OUT)
  -------------------------------------------------------------------    -------------------

Slack:                    inf
  Source:                 Y[7]
                            (input port)
  Destination:            Result[10]
                            (output port)
  Path Group:             (none)
  Path Type:              Min at Fast Process Corner
  Data Path Delay:        2.665ns  (logic 1.622ns (60.887%)  route 1.042ns (39.113%))
  Logic Levels:           4  (IBUF=1 LUT6=2 OBUF=1)

    Location             Delay type                Incr(ns)  Path(ns)    Netlist Resource(s)
  -------------------------------------------------------------------    -------------------
    U11                                               0.000     0.000 f  Y[7] (IN)
                         net (fo=0)                   0.000     0.000    Y[7]
    U11                  IBUF (Prop_ibuf_I_O)         0.277     0.277 f  Y_IBUF[7]_inst/O
                         net (fo=45, routed)          0.502     0.779    Y_IBUF[7]
    SLICE_X2Y66          LUT6 (Prop_lut6_I0_O)        0.045     0.824 r  Result_OBUF[10]_inst_i_4/O
                         net (fo=1, routed)           0.126     0.950    Result_OBUF[10]_inst_i_4_n_0
    SLICE_X1Y67          LUT6 (Prop_lut6_I3_O)        0.045     0.995 r  Result_OBUF[10]_inst_i_1/O
                         net (fo=1, routed)           0.414     1.410    Result_OBUF[10]
    T15                  OBUF (Prop_obuf_I_O)         1.255     2.665 r  Result_OBUF[10]_inst/O
                         net (fo=0)                   0.000     2.665    Result[10]
    T15                                                               r  Result[10] (OUT)
  -------------------------------------------------------------------    -------------------

Slack:                    inf
  Source:                 Y[6]
                            (input port)
  Destination:            Result[6]
                            (output port)
  Path Group:             (none)
  Path Type:              Min at Fast Process Corner
  Data Path Delay:        2.699ns  (logic 1.588ns (58.849%)  route 1.111ns (41.151%))
  Logic Levels:           3  (IBUF=1 LUT6=1 OBUF=1)

    Location             Delay type                Incr(ns)  Path(ns)    Netlist Resource(s)
  -------------------------------------------------------------------    -------------------
    U12                                               0.000     0.000 r  Y[6] (IN)
                         net (fo=0)                   0.000     0.000    Y[6]
    U12                  IBUF (Prop_ibuf_I_O)         0.291     0.291 r  Y_IBUF[6]_inst/O
                         net (fo=67, routed)          0.765     1.056    Y_IBUF[6]
    SLICE_X3Y66          LUT6 (Prop_lut6_I3_O)        0.045     1.101 r  Result_OBUF[6]_inst_i_1/O
                         net (fo=1, routed)           0.346     1.446    Result_OBUF[6]
    V17                  OBUF (Prop_obuf_I_O)         1.252     2.699 r  Result_OBUF[6]_inst/O
                         net (fo=0)                   0.000     2.699    Result[6]
    V17                                                               r  Result[6] (OUT)
  -------------------------------------------------------------------    -------------------

Slack:                    inf
  Source:                 Y[6]
                            (input port)
  Destination:            Result[12]
                            (output port)
  Path Group:             (none)
  Path Type:              Min at Fast Process Corner
  Data Path Delay:        2.745ns  (logic 1.613ns (58.755%)  route 1.132ns (41.245%))
  Logic Levels:           4  (IBUF=1 LUT6=2 OBUF=1)

    Location             Delay type                Incr(ns)  Path(ns)    Netlist Resource(s)
  -------------------------------------------------------------------    -------------------
    U12                                               0.000     0.000 f  Y[6] (IN)
                         net (fo=0)                   0.000     0.000    Y[6]
    U12                  IBUF (Prop_ibuf_I_O)         0.291     0.291 f  Y_IBUF[6]_inst/O
                         net (fo=67, routed)          0.755     1.046    Y_IBUF[6]
    SLICE_X0Y68          LUT6 (Prop_lut6_I2_O)        0.045     1.091 r  Result_OBUF[12]_inst_i_5/O
                         net (fo=1, routed)           0.059     1.150    Result_OBUF[12]_inst_i_5_n_0
    SLICE_X0Y68          LUT6 (Prop_lut6_I3_O)        0.045     1.195 r  Result_OBUF[12]_inst_i_1/O
                         net (fo=1, routed)           0.319     1.513    Result_OBUF[12]
    T16                  OBUF (Prop_obuf_I_O)         1.232     2.745 r  Result_OBUF[12]_inst/O
                         net (fo=0)                   0.000     2.745    Result[12]
    T16                                                               r  Result[12] (OUT)
  -------------------------------------------------------------------    -------------------

Slack:                    inf
  Source:                 Y[6]
                            (input port)
  Destination:            Result[8]
                            (output port)
  Path Group:             (none)
  Path Type:              Min at Fast Process Corner
  Data Path Delay:        2.748ns  (logic 1.637ns (59.569%)  route 1.111ns (40.431%))
  Logic Levels:           4  (IBUF=1 LUT6=2 OBUF=1)

    Location             Delay type                Incr(ns)  Path(ns)    Netlist Resource(s)
  -------------------------------------------------------------------    -------------------
    U12                                               0.000     0.000 f  Y[6] (IN)
                         net (fo=0)                   0.000     0.000    Y[6]
    U12                  IBUF (Prop_ibuf_I_O)         0.291     0.291 f  Y_IBUF[6]_inst/O
                         net (fo=67, routed)          0.619     0.909    Y_IBUF[6]
    SLICE_X1Y67          LUT6 (Prop_lut6_I2_O)        0.045     0.954 r  Result_OBUF[8]_inst_i_3/O
                         net (fo=1, routed)           0.082     1.036    Result_OBUF[8]_inst_i_3_n_0
    SLICE_X1Y67          LUT6 (Prop_lut6_I3_O)        0.045     1.081 r  Result_OBUF[8]_inst_i_1/O
                         net (fo=1, routed)           0.410     1.492    Result_OBUF[8]
    U16                  OBUF (Prop_obuf_I_O)         1.256     2.748 r  Result_OBUF[8]_inst/O
                         net (fo=0)                   0.000     2.748    Result[8]
    U16                                                               r  Result[8] (OUT)
  -------------------------------------------------------------------    -------------------

Slack:                    inf
  Source:                 Y[7]
                            (input port)
  Destination:            Result[9]
                            (output port)
  Path Group:             (none)
  Path Type:              Min at Fast Process Corner
  Data Path Delay:        2.764ns  (logic 1.616ns (58.462%)  route 1.148ns (41.538%))
  Logic Levels:           4  (IBUF=1 LUT4=1 LUT6=1 OBUF=1)

    Location             Delay type                Incr(ns)  Path(ns)    Netlist Resource(s)
  -------------------------------------------------------------------    -------------------
    U11                                               0.000     0.000 f  Y[7] (IN)
                         net (fo=0)                   0.000     0.000    Y[7]
    U11                  IBUF (Prop_ibuf_I_O)         0.277     0.277 f  Y_IBUF[7]_inst/O
                         net (fo=45, routed)          0.579     0.857    Y_IBUF[7]
    SLICE_X0Y67          LUT4 (Prop_lut4_I0_O)        0.045     0.902 r  Result_OBUF[12]_inst_i_3/O
                         net (fo=5, routed)           0.236     1.138    Result_OBUF[12]_inst_i_3_n_0
    SLICE_X0Y67          LUT6 (Prop_lut6_I1_O)        0.045     1.183 r  Result_OBUF[9]_inst_i_1/O
                         net (fo=1, routed)           0.333     1.515    Result_OBUF[9]
    V16                  OBUF (Prop_obuf_I_O)         1.248     2.764 r  Result_OBUF[9]_inst/O
                         net (fo=0)                   0.000     2.764    Result[9]
    V16                                                               r  Result[9] (OUT)
  -------------------------------------------------------------------    -------------------

Slack:                    inf
  Source:                 Y[7]
                            (input port)
  Destination:            Result[11]
                            (output port)
  Path Group:             (none)
  Path Type:              Min at Fast Process Corner
  Data Path Delay:        2.774ns  (logic 1.621ns (58.425%)  route 1.153ns (41.575%))
  Logic Levels:           4  (IBUF=1 LUT6=2 OBUF=1)

    Location             Delay type                Incr(ns)  Path(ns)    Netlist Resource(s)
  -------------------------------------------------------------------    -------------------
    U11                                               0.000     0.000 f  Y[7] (IN)
                         net (fo=0)                   0.000     0.000    Y[7]
    U11                  IBUF (Prop_ibuf_I_O)         0.277     0.277 f  Y_IBUF[7]_inst/O
                         net (fo=45, routed)          0.508     0.786    Y_IBUF[7]
    SLICE_X1Y66          LUT6 (Prop_lut6_I0_O)        0.045     0.831 r  Result_OBUF[11]_inst_i_3/O
                         net (fo=1, routed)           0.195     1.026    Result_OBUF[11]_inst_i_3_n_0
    SLICE_X1Y68          LUT6 (Prop_lut6_I3_O)        0.045     1.071 r  Result_OBUF[11]_inst_i_1/O
                         net (fo=1, routed)           0.450     1.521    Result_OBUF[11]
    U14                  OBUF (Prop_obuf_I_O)         1.253     2.774 r  Result_OBUF[11]_inst/O
                         net (fo=0)                   0.000     2.774    Result[11]
    U14                                                               r  Result[11] (OUT)
  -------------------------------------------------------------------    -------------------

Slack:                    inf
  Source:                 Y[4]
                            (input port)
  Destination:            Result[4]
                            (output port)
  Path Group:             (none)
  Path Type:              Min at Fast Process Corner
  Data Path Delay:        2.821ns  (logic 1.566ns (55.517%)  route 1.255ns (44.483%))
  Logic Levels:           3  (IBUF=1 LUT6=1 OBUF=1)

    Location             Delay type                Incr(ns)  Path(ns)    Netlist Resource(s)
  -------------------------------------------------------------------    -------------------
    T13                                               0.000     0.000 r  Y[4] (IN)
                         net (fo=0)                   0.000     0.000    Y[4]
    T13                  IBUF (Prop_ibuf_I_O)         0.270     0.270 r  Y_IBUF[4]_inst/O
                         net (fo=54, routed)          0.581     0.851    Y_IBUF[4]
    SLICE_X7Y67          LUT6 (Prop_lut6_I4_O)        0.045     0.896 r  Result_OBUF[4]_inst_i_1/O
                         net (fo=1, routed)           0.673     1.569    Result_OBUF[4]
    N14                  OBUF (Prop_obuf_I_O)         1.251     2.821 r  Result_OBUF[4]_inst/O
                         net (fo=0)                   0.000     2.821    Result[4]
    N14                                                               r  Result[4] (OUT)
  -------------------------------------------------------------------    -------------------

Slack:                    inf
  Source:                 Y[4]
                            (input port)
  Destination:            Result[5]
                            (output port)
  Path Group:             (none)
  Path Type:              Min at Fast Process Corner
  Data Path Delay:        2.841ns  (logic 1.567ns (55.157%)  route 1.274ns (44.843%))
  Logic Levels:           3  (IBUF=1 LUT6=1 OBUF=1)

    Location             Delay type                Incr(ns)  Path(ns)    Netlist Resource(s)
  -------------------------------------------------------------------    -------------------
    T13                                               0.000     0.000 r  Y[4] (IN)
                         net (fo=0)                   0.000     0.000    Y[4]
    T13                  IBUF (Prop_ibuf_I_O)         0.270     0.270 r  Y_IBUF[4]_inst/O
                         net (fo=54, routed)          0.645     0.915    Y_IBUF[4]
    SLICE_X4Y67          LUT6 (Prop_lut6_I4_O)        0.045     0.960 r  Result_OBUF[5]_inst_i_1/O
                         net (fo=1, routed)           0.629     1.589    Result_OBUF[5]
    R18                  OBUF (Prop_obuf_I_O)         1.252     2.841 r  Result_OBUF[5]_inst/O
                         net (fo=0)                   0.000     2.841    Result[5]
    R18                                                               r  Result[5] (OUT)
  -------------------------------------------------------------------    -------------------

Slack:                    inf
  Source:                 X[5]
                            (input port)
  Destination:            Result[15]
                            (output port)
  Path Group:             (none)
  Path Type:              Min at Fast Process Corner
  Data Path Delay:        2.893ns  (logic 1.819ns (62.870%)  route 1.074ns (37.130%))
  Logic Levels:           4  (CARRY4=1 IBUF=1 LUT6=1 OBUF=1)

    Location             Delay type                Incr(ns)  Path(ns)    Netlist Resource(s)
  -------------------------------------------------------------------    -------------------
    R17                                               0.000     0.000 r  X[5] (IN)
                         net (fo=0)                   0.000     0.000    X[5]
    R17                  IBUF (Prop_ibuf_I_O)         0.260     0.260 r  X_IBUF[5]_inst/O
                         net (fo=28, routed)          0.447     0.707    X_IBUF[5]
    SLICE_X0Y70          CARRY4 (Prop_carry4_DI[0]_O[3])
                                                      0.178     0.885 r  Result_OBUF[16]_inst_i_3/O[3]
                         net (fo=1, routed)           0.111     0.996    P00_out[7]
    SLICE_X1Y71          LUT6 (Prop_lut6_I1_O)        0.110     1.106 r  Result_OBUF[16]_inst_i_1/O
                         net (fo=2, routed)           0.517     1.623    Result_OBUF[15]
    V12                  OBUF (Prop_obuf_I_O)         1.271     2.893 r  Result_OBUF[15]_inst/O
                         net (fo=0)                   0.000     2.893    Result[15]
    V12                                                               r  Result[15] (OUT)
  -------------------------------------------------------------------    -------------------





