Copyright 1986-2022 Xilinx, Inc. All Rights Reserved. Copyright 2022-2024 Advanced Micro Devices, Inc. All Rights Reserved.
------------------------------------------------------------------------------------------------------------------------------------------------------------------------------------------------------------
| Tool Version : Vivado v.2024.2 (win64) Build 5239630 Fri Nov 08 22:35:27 MST 2024
| Date         : Fri Mar 28 11:47:24 2025
| Host         : evilbot running 64-bit major release  (build 9200)
| Command      : report_timing_summary -max_paths 10 -report_unconstrained -file MUL_8_timing_summary_routed.rpt -pb MUL_8_timing_summary_routed.pb -rpx MUL_8_timing_summary_routed.rpx -warn_on_violation
| Design       : MUL_8
| Device       : 7a100t-csg324
| Speed File   : -1  PRODUCTION 1.23 2018-06-13
| Design State : Routed
------------------------------------------------------------------------------------------------------------------------------------------------------------------------------------------------------------

Timing Summary Report

------------------------------------------------------------------------------------------------
| Timer Settings
| --------------
------------------------------------------------------------------------------------------------

  Enable Multi Corner Analysis               :  Yes
  Enable Pessimism Removal                   :  Yes
  Pessimism Removal Resolution               :  Nearest Common Node
  Enable Input Delay Default Clock           :  No
  Enable Preset / Clear Arcs                 :  No
  Disable Flight Delays                      :  No
  Ignore I/O Paths                           :  No
  Timing Early Launch at Borrowing Latches   :  No
  Borrow Time for Max Delay Exceptions       :  Yes
  Merge Timing Exceptions                    :  Yes
  Inter-SLR Compensation                     :  Conservative

  Corner  Analyze    Analyze    
  Name    Max Paths  Min Paths  
  ------  ---------  ---------  
  Slow    Yes        Yes        
  Fast    Yes        Yes        


------------------------------------------------------------------------------------------------
| Report Methodology
| ------------------
------------------------------------------------------------------------------------------------

No report available as report_methodology has not been run prior. Run report_methodology on the current design for the summary of methodology violations.



check_timing report

Table of Contents
-----------------
1. checking no_clock (0)
2. checking constant_clock (0)
3. checking pulse_width_clock (0)
4. checking unconstrained_internal_endpoints (0)
5. checking no_input_delay (0)
6. checking no_output_delay (0)
7. checking multiple_clock (0)
8. checking generated_clocks (0)
9. checking loops (0)
10. checking partial_input_delay (0)
11. checking partial_output_delay (0)
12. checking latch_loops (0)

1. checking no_clock (0)
------------------------
 There are 0 register/latch pins with no clock.


2. checking constant_clock (0)
------------------------------
 There are 0 register/latch pins with constant_clock.


3. checking pulse_width_clock (0)
---------------------------------
 There are 0 register/latch pins which need pulse_width check


4. checking unconstrained_internal_endpoints (0)
------------------------------------------------
 There are 0 pins that are not constrained for maximum delay.

 There are 0 pins that are not constrained for maximum delay due to constant clock.


5. checking no_input_delay (0)
------------------------------
 There are 0 input ports with no input delay specified.

 There are 0 input ports with no input delay but user has a false path constraint.


6. checking no_output_delay (0)
-------------------------------
 There are 0 ports with no output delay specified.

 There are 0 ports with no output delay but user has a false path constraint

 There are 0 ports with no output delay but with a timing clock defined on it or propagating through it


7. checking multiple_clock (0)
------------------------------
 There are 0 register/latch pins with multiple clocks.


8. checking generated_clocks (0)
--------------------------------
 There are 0 generated clocks that are not connected to a clock source.


9. checking loops (0)
---------------------
 There are 0 combinational loops in the design.


10. checking partial_input_delay (0)
------------------------------------
 There are 0 input ports with partial input delay specified.


11. checking partial_output_delay (0)
-------------------------------------
 There are 0 ports with partial output delay specified.


12. checking latch_loops (0)
----------------------------
 There are 0 combinational latch loops in the design through latch input



------------------------------------------------------------------------------------------------
| Design Timing Summary
| ---------------------
------------------------------------------------------------------------------------------------

    WNS(ns)      TNS(ns)  TNS Failing Endpoints  TNS Total Endpoints      WHS(ns)      THS(ns)  THS Failing Endpoints  THS Total Endpoints     WPWS(ns)     TPWS(ns)  TPWS Failing Endpoints  TPWS Total Endpoints  
    -------      -------  ---------------------  -------------------      -------      -------  ---------------------  -------------------     --------     --------  ----------------------  --------------------  
        inf        0.000                      0                   16          inf        0.000                      0                   16           NA           NA                      NA                    NA  


There are no user specified timing constraints.


------------------------------------------------------------------------------------------------
| Clock Summary
| -------------
------------------------------------------------------------------------------------------------


------------------------------------------------------------------------------------------------
| Intra Clock Table
| -----------------
------------------------------------------------------------------------------------------------

Clock             WNS(ns)      TNS(ns)  TNS Failing Endpoints  TNS Total Endpoints      WHS(ns)      THS(ns)  THS Failing Endpoints  THS Total Endpoints     WPWS(ns)     TPWS(ns)  TPWS Failing Endpoints  TPWS Total Endpoints  
-----             -------      -------  ---------------------  -------------------      -------      -------  ---------------------  -------------------     --------     --------  ----------------------  --------------------  


------------------------------------------------------------------------------------------------
| Inter Clock Table
| -----------------
------------------------------------------------------------------------------------------------

From Clock    To Clock          WNS(ns)      TNS(ns)  TNS Failing Endpoints  TNS Total Endpoints      WHS(ns)      THS(ns)  THS Failing Endpoints  THS Total Endpoints  
----------    --------          -------      -------  ---------------------  -------------------      -------      -------  ---------------------  -------------------  


------------------------------------------------------------------------------------------------
| Other Path Groups Table
| -----------------------
------------------------------------------------------------------------------------------------

Path Group    From Clock    To Clock          WNS(ns)      TNS(ns)  TNS Failing Endpoints  TNS Total Endpoints      WHS(ns)      THS(ns)  THS Failing Endpoints  THS Total Endpoints  
----------    ----------    --------          -------      -------  ---------------------  -------------------      -------      -------  ---------------------  -------------------  


------------------------------------------------------------------------------------------------
| User Ignored Path Table
| -----------------------
------------------------------------------------------------------------------------------------

Path Group    From Clock    To Clock    
----------    ----------    --------    


------------------------------------------------------------------------------------------------
| Unconstrained Path Table
| ------------------------
------------------------------------------------------------------------------------------------

Path Group    From Clock    To Clock    
----------    ----------    --------    
(none)                                    


------------------------------------------------------------------------------------------------
| Timing Details
| --------------
------------------------------------------------------------------------------------------------


--------------------------------------------------------------------------------------
Path Group:  (none)
From Clock:  
  To Clock:  

Max Delay            16 Endpoints
Min Delay            16 Endpoints
--------------------------------------------------------------------------------------


Max Delay Paths
--------------------------------------------------------------------------------------
Slack:                    inf
  Source:                 Y[1]
                            (input port)
  Destination:            Result[16]
                            (output port)
  Path Group:             (none)
  Path Type:              Max at Slow Process Corner
  Data Path Delay:        28.166ns  (logic 12.909ns (45.831%)  route 15.257ns (54.169%))
  Logic Levels:           24  (CARRY4=11 IBUF=1 LUT2=2 LUT3=4 LUT4=1 LUT5=3 LUT6=1 OBUF=1)

    Location             Delay type                Incr(ns)  Path(ns)    Netlist Resource(s)
  -------------------------------------------------------------------    -------------------
    T8                                                0.000     0.000 r  Y[1] (IN)
                         net (fo=0)                   0.000     0.000    Y[1]
    T8                   IBUF (Prop_ibuf_I_O)         1.497     1.497 r  Y_IBUF[1]_inst/O
                         net (fo=27, routed)          4.651     6.148    Y_IBUF[1]
    SLICE_X5Y68          LUT3 (Prop_lut3_I1_O)        0.124     6.272 r  Result_OBUF[2]_inst_i_6/O
                         net (fo=1, routed)           0.501     6.773    Result_OBUF[2]_inst_i_6_n_0
    SLICE_X7Y68          CARRY4 (Prop_carry4_S[0]_O[1])
                                                      0.548     7.321 r  Result_OBUF[2]_inst_i_2/O[1]
                         net (fo=3, routed)           0.817     8.138    Result_OBUF[2]_inst_i_2_n_6
    SLICE_X6Y68          LUT5 (Prop_lut5_I0_O)        0.303     8.441 r  Result_OBUF[3]_inst_i_11/O
                         net (fo=1, routed)           0.000     8.441    Result_OBUF[3]_inst_i_11_n_0
    SLICE_X6Y68          CARRY4 (Prop_carry4_S[0]_O[2])
                                                      0.544     8.985 r  Result_OBUF[3]_inst_i_2/O[2]
                         net (fo=1, routed)           0.644     9.628    Result_OBUF[3]_inst_i_2_n_5
    SLICE_X5Y69          LUT6 (Prop_lut6_I0_O)        0.301     9.929 r  Result_OBUF[5]_inst_i_3/O
                         net (fo=5, routed)           0.824    10.754    Result_OBUF[5]_inst_i_3_n_0
    SLICE_X3Y69          LUT2 (Prop_lut2_I0_O)        0.124    10.878 r  Result_OBUF[5]_inst_i_6/O
                         net (fo=1, routed)           0.000    10.878    Result_OBUF[5]_inst_i_6_n_0
    SLICE_X3Y69          CARRY4 (Prop_carry4_S[1]_CO[3])
                                                      0.550    11.428 r  Result_OBUF[5]_inst_i_2/CO[3]
                         net (fo=1, routed)           0.000    11.428    Result_OBUF[5]_inst_i_2_n_0
    SLICE_X3Y70          CARRY4 (Prop_carry4_CI_O[0])
                                                      0.222    11.650 r  Result_OBUF[8]_inst_i_4/O[0]
                         net (fo=3, routed)           0.760    12.410    Result_OBUF[8]_inst_i_4_n_7
    SLICE_X4Y69          LUT3 (Prop_lut3_I0_O)        0.325    12.735 r  Result_OBUF[11]_inst_i_13/O
                         net (fo=4, routed)           0.804    13.538    Result_OBUF[11]_inst_i_13_n_0
    SLICE_X5Y70          LUT2 (Prop_lut2_I0_O)        0.326    13.864 r  Result_OBUF[6]_inst_i_14/O
                         net (fo=1, routed)           0.000    13.864    Result_OBUF[6]_inst_i_14_n_0
    SLICE_X5Y70          CARRY4 (Prop_carry4_S[3]_CO[3])
                                                      0.401    14.265 r  Result_OBUF[6]_inst_i_4/CO[3]
                         net (fo=1, routed)           0.000    14.265    Result_OBUF[6]_inst_i_4_n_0
    SLICE_X5Y71          CARRY4 (Prop_carry4_CI_O[1])
                                                      0.334    14.599 r  Result_OBUF[12]_inst_i_6/O[1]
                         net (fo=4, routed)           0.818    15.417    Result_OBUF[12]_inst_i_6_n_6
    SLICE_X4Y71          LUT4 (Prop_lut4_I2_O)        0.303    15.720 r  Result_OBUF[13]_inst_i_8/O
                         net (fo=1, routed)           0.000    15.720    Result_OBUF[13]_inst_i_8_n_0
    SLICE_X4Y71          CARRY4 (Prop_carry4_S[0]_O[2])
                                                      0.547    16.267 r  Result_OBUF[13]_inst_i_4/O[2]
                         net (fo=1, routed)           0.814    17.081    Result_OBUF[13]_inst_i_4_n_5
    SLICE_X2Y71          LUT5 (Prop_lut5_I4_O)        0.324    17.405 r  Result_OBUF[12]_inst_i_2/O
                         net (fo=3, routed)           0.599    18.004    Result_OBUF[12]_inst_i_2_n_0
    SLICE_X1Y71          LUT5 (Prop_lut5_I0_O)        0.328    18.332 r  Result_OBUF[14]_inst_i_8/O
                         net (fo=1, routed)           0.000    18.332    Result_OBUF[14]_inst_i_8_n_0
    SLICE_X1Y71          CARRY4 (Prop_carry4_S[1]_CO[3])
                                                      0.550    18.882 r  Result_OBUF[14]_inst_i_3/CO[3]
                         net (fo=1, routed)           0.000    18.882    Result_OBUF[14]_inst_i_3_n_0
    SLICE_X1Y72          CARRY4 (Prop_carry4_CI_CO[0])
                                                      0.271    19.153 r  Result_OBUF[15]_inst_i_3/CO[0]
                         net (fo=2, routed)           0.822    19.975    p_2_in[8]
    SLICE_X0Y70          LUT3 (Prop_lut3_I1_O)        0.373    20.348 r  Result_OBUF[15]_inst_i_4/O
                         net (fo=1, routed)           0.000    20.348    Result_OBUF[15]_inst_i_4_n_0
    SLICE_X0Y70          CARRY4 (Prop_carry4_S[3]_CO[3])
                                                      0.401    20.749 r  Result_OBUF[15]_inst_i_2/CO[3]
                         net (fo=1, routed)           0.000    20.749    Result_OBUF[15]_inst_i_2_n_0
    SLICE_X0Y71          CARRY4 (Prop_carry4_CI_CO[0])
                                                      0.271    21.020 r  Result_OBUF[16]_inst_i_2/CO[0]
                         net (fo=1, routed)           1.286    22.306    Result_OBUF[16]_inst_i_2_n_3
    SLICE_X0Y68          LUT3 (Prop_lut3_I2_O)        0.373    22.679 r  Result_OBUF[16]_inst_i_1/O
                         net (fo=1, routed)           1.918    24.597    Result_OBUF[16]
    V11                  OBUF (Prop_obuf_I_O)         3.569    28.166 r  Result_OBUF[16]_inst/O
                         net (fo=0)                   0.000    28.166    Result[16]
    V11                                                               r  Result[16] (OUT)
  -------------------------------------------------------------------    -------------------

Slack:                    inf
  Source:                 Y[1]
                            (input port)
  Destination:            Result[14]
                            (output port)
  Path Group:             (none)
  Path Type:              Max at Slow Process Corner
  Data Path Delay:        27.310ns  (logic 12.034ns (44.066%)  route 15.276ns (55.934%))
  Logic Levels:           22  (CARRY4=9 IBUF=1 LUT2=2 LUT3=2 LUT4=1 LUT5=3 LUT6=3 OBUF=1)

    Location             Delay type                Incr(ns)  Path(ns)    Netlist Resource(s)
  -------------------------------------------------------------------    -------------------
    T8                                                0.000     0.000 r  Y[1] (IN)
                         net (fo=0)                   0.000     0.000    Y[1]
    T8                   IBUF (Prop_ibuf_I_O)         1.497     1.497 r  Y_IBUF[1]_inst/O
                         net (fo=27, routed)          4.651     6.148    Y_IBUF[1]
    SLICE_X5Y68          LUT3 (Prop_lut3_I1_O)        0.124     6.272 r  Result_OBUF[2]_inst_i_6/O
                         net (fo=1, routed)           0.501     6.773    Result_OBUF[2]_inst_i_6_n_0
    SLICE_X7Y68          CARRY4 (Prop_carry4_S[0]_O[1])
                                                      0.548     7.321 r  Result_OBUF[2]_inst_i_2/O[1]
                         net (fo=3, routed)           0.817     8.138    Result_OBUF[2]_inst_i_2_n_6
    SLICE_X6Y68          LUT5 (Prop_lut5_I0_O)        0.303     8.441 r  Result_OBUF[3]_inst_i_11/O
                         net (fo=1, routed)           0.000     8.441    Result_OBUF[3]_inst_i_11_n_0
    SLICE_X6Y68          CARRY4 (Prop_carry4_S[0]_O[2])
                                                      0.544     8.985 r  Result_OBUF[3]_inst_i_2/O[2]
                         net (fo=1, routed)           0.644     9.628    Result_OBUF[3]_inst_i_2_n_5
    SLICE_X5Y69          LUT6 (Prop_lut6_I0_O)        0.301     9.929 r  Result_OBUF[5]_inst_i_3/O
                         net (fo=5, routed)           0.824    10.754    Result_OBUF[5]_inst_i_3_n_0
    SLICE_X3Y69          LUT2 (Prop_lut2_I0_O)        0.124    10.878 r  Result_OBUF[5]_inst_i_6/O
                         net (fo=1, routed)           0.000    10.878    Result_OBUF[5]_inst_i_6_n_0
    SLICE_X3Y69          CARRY4 (Prop_carry4_S[1]_CO[3])
                                                      0.550    11.428 r  Result_OBUF[5]_inst_i_2/CO[3]
                         net (fo=1, routed)           0.000    11.428    Result_OBUF[5]_inst_i_2_n_0
    SLICE_X3Y70          CARRY4 (Prop_carry4_CI_O[0])
                                                      0.222    11.650 r  Result_OBUF[8]_inst_i_4/O[0]
                         net (fo=3, routed)           0.760    12.410    Result_OBUF[8]_inst_i_4_n_7
    SLICE_X4Y69          LUT3 (Prop_lut3_I0_O)        0.325    12.735 r  Result_OBUF[11]_inst_i_13/O
                         net (fo=4, routed)           0.804    13.538    Result_OBUF[11]_inst_i_13_n_0
    SLICE_X5Y70          LUT2 (Prop_lut2_I0_O)        0.326    13.864 r  Result_OBUF[6]_inst_i_14/O
                         net (fo=1, routed)           0.000    13.864    Result_OBUF[6]_inst_i_14_n_0
    SLICE_X5Y70          CARRY4 (Prop_carry4_S[3]_CO[3])
                                                      0.401    14.265 r  Result_OBUF[6]_inst_i_4/CO[3]
                         net (fo=1, routed)           0.000    14.265    Result_OBUF[6]_inst_i_4_n_0
    SLICE_X5Y71          CARRY4 (Prop_carry4_CI_O[1])
                                                      0.334    14.599 r  Result_OBUF[12]_inst_i_6/O[1]
                         net (fo=4, routed)           0.818    15.417    Result_OBUF[12]_inst_i_6_n_6
    SLICE_X4Y71          LUT4 (Prop_lut4_I2_O)        0.303    15.720 r  Result_OBUF[13]_inst_i_8/O
                         net (fo=1, routed)           0.000    15.720    Result_OBUF[13]_inst_i_8_n_0
    SLICE_X4Y71          CARRY4 (Prop_carry4_S[0]_O[2])
                                                      0.547    16.267 r  Result_OBUF[13]_inst_i_4/O[2]
                         net (fo=1, routed)           0.814    17.081    Result_OBUF[13]_inst_i_4_n_5
    SLICE_X2Y71          LUT5 (Prop_lut5_I4_O)        0.324    17.405 r  Result_OBUF[12]_inst_i_2/O
                         net (fo=3, routed)           0.599    18.004    Result_OBUF[12]_inst_i_2_n_0
    SLICE_X1Y71          LUT5 (Prop_lut5_I0_O)        0.328    18.332 r  Result_OBUF[14]_inst_i_8/O
                         net (fo=1, routed)           0.000    18.332    Result_OBUF[14]_inst_i_8_n_0
    SLICE_X1Y71          CARRY4 (Prop_carry4_S[1]_O[1])
                                                      0.227    18.559 r  Result_OBUF[14]_inst_i_3/O[1]
                         net (fo=2, routed)           0.829    19.388    p_2_in[5]
    SLICE_X0Y70          LUT6 (Prop_lut6_I2_O)        0.303    19.691 r  Result_OBUF[15]_inst_i_7/O
                         net (fo=1, routed)           0.000    19.691    Result_OBUF[15]_inst_i_7_n_0
    SLICE_X0Y70          CARRY4 (Prop_carry4_S[0]_O[2])
                                                      0.547    20.238 r  Result_OBUF[15]_inst_i_2/O[2]
                         net (fo=1, routed)           0.958    21.196    Result_OBUF[15]_inst_i_2_n_5
    SLICE_X2Y71          LUT6 (Prop_lut6_I0_O)        0.302    21.498 r  Result_OBUF[14]_inst_i_1/O
                         net (fo=1, routed)           2.258    23.756    Result_OBUF[14]
    V14                  OBUF (Prop_obuf_I_O)         3.554    27.310 r  Result_OBUF[14]_inst/O
                         net (fo=0)                   0.000    27.310    Result[14]
    V14                                                               r  Result[14] (OUT)
  -------------------------------------------------------------------    -------------------

Slack:                    inf
  Source:                 Y[1]
                            (input port)
  Destination:            Result[15]
                            (output port)
  Path Group:             (none)
  Path Type:              Max at Slow Process Corner
  Data Path Delay:        26.996ns  (logic 12.419ns (46.005%)  route 14.577ns (53.995%))
  Logic Levels:           23  (CARRY4=10 IBUF=1 LUT2=2 LUT3=3 LUT4=1 LUT5=4 LUT6=1 OBUF=1)

    Location             Delay type                Incr(ns)  Path(ns)    Netlist Resource(s)
  -------------------------------------------------------------------    -------------------
    T8                                                0.000     0.000 r  Y[1] (IN)
                         net (fo=0)                   0.000     0.000    Y[1]
    T8                   IBUF (Prop_ibuf_I_O)         1.497     1.497 r  Y_IBUF[1]_inst/O
                         net (fo=27, routed)          4.651     6.148    Y_IBUF[1]
    SLICE_X5Y68          LUT3 (Prop_lut3_I1_O)        0.124     6.272 r  Result_OBUF[2]_inst_i_6/O
                         net (fo=1, routed)           0.501     6.773    Result_OBUF[2]_inst_i_6_n_0
    SLICE_X7Y68          CARRY4 (Prop_carry4_S[0]_O[1])
                                                      0.548     7.321 r  Result_OBUF[2]_inst_i_2/O[1]
                         net (fo=3, routed)           0.817     8.138    Result_OBUF[2]_inst_i_2_n_6
    SLICE_X6Y68          LUT5 (Prop_lut5_I0_O)        0.303     8.441 r  Result_OBUF[3]_inst_i_11/O
                         net (fo=1, routed)           0.000     8.441    Result_OBUF[3]_inst_i_11_n_0
    SLICE_X6Y68          CARRY4 (Prop_carry4_S[0]_O[2])
                                                      0.544     8.985 r  Result_OBUF[3]_inst_i_2/O[2]
                         net (fo=1, routed)           0.644     9.628    Result_OBUF[3]_inst_i_2_n_5
    SLICE_X5Y69          LUT6 (Prop_lut6_I0_O)        0.301     9.929 r  Result_OBUF[5]_inst_i_3/O
                         net (fo=5, routed)           0.824    10.754    Result_OBUF[5]_inst_i_3_n_0
    SLICE_X3Y69          LUT2 (Prop_lut2_I0_O)        0.124    10.878 r  Result_OBUF[5]_inst_i_6/O
                         net (fo=1, routed)           0.000    10.878    Result_OBUF[5]_inst_i_6_n_0
    SLICE_X3Y69          CARRY4 (Prop_carry4_S[1]_CO[3])
                                                      0.550    11.428 r  Result_OBUF[5]_inst_i_2/CO[3]
                         net (fo=1, routed)           0.000    11.428    Result_OBUF[5]_inst_i_2_n_0
    SLICE_X3Y70          CARRY4 (Prop_carry4_CI_O[0])
                                                      0.222    11.650 r  Result_OBUF[8]_inst_i_4/O[0]
                         net (fo=3, routed)           0.760    12.410    Result_OBUF[8]_inst_i_4_n_7
    SLICE_X4Y69          LUT3 (Prop_lut3_I0_O)        0.325    12.735 r  Result_OBUF[11]_inst_i_13/O
                         net (fo=4, routed)           0.804    13.538    Result_OBUF[11]_inst_i_13_n_0
    SLICE_X5Y70          LUT2 (Prop_lut2_I0_O)        0.326    13.864 r  Result_OBUF[6]_inst_i_14/O
                         net (fo=1, routed)           0.000    13.864    Result_OBUF[6]_inst_i_14_n_0
    SLICE_X5Y70          CARRY4 (Prop_carry4_S[3]_CO[3])
                                                      0.401    14.265 r  Result_OBUF[6]_inst_i_4/CO[3]
                         net (fo=1, routed)           0.000    14.265    Result_OBUF[6]_inst_i_4_n_0
    SLICE_X5Y71          CARRY4 (Prop_carry4_CI_O[1])
                                                      0.334    14.599 r  Result_OBUF[12]_inst_i_6/O[1]
                         net (fo=4, routed)           0.818    15.417    Result_OBUF[12]_inst_i_6_n_6
    SLICE_X4Y71          LUT4 (Prop_lut4_I2_O)        0.303    15.720 r  Result_OBUF[13]_inst_i_8/O
                         net (fo=1, routed)           0.000    15.720    Result_OBUF[13]_inst_i_8_n_0
    SLICE_X4Y71          CARRY4 (Prop_carry4_S[0]_O[2])
                                                      0.547    16.267 r  Result_OBUF[13]_inst_i_4/O[2]
                         net (fo=1, routed)           0.814    17.081    Result_OBUF[13]_inst_i_4_n_5
    SLICE_X2Y71          LUT5 (Prop_lut5_I4_O)        0.324    17.405 r  Result_OBUF[12]_inst_i_2/O
                         net (fo=3, routed)           0.599    18.004    Result_OBUF[12]_inst_i_2_n_0
    SLICE_X1Y71          LUT5 (Prop_lut5_I0_O)        0.328    18.332 r  Result_OBUF[14]_inst_i_8/O
                         net (fo=1, routed)           0.000    18.332    Result_OBUF[14]_inst_i_8_n_0
    SLICE_X1Y71          CARRY4 (Prop_carry4_S[1]_CO[3])
                                                      0.550    18.882 r  Result_OBUF[14]_inst_i_3/CO[3]
                         net (fo=1, routed)           0.000    18.882    Result_OBUF[14]_inst_i_3_n_0
    SLICE_X1Y72          CARRY4 (Prop_carry4_CI_CO[0])
                                                      0.271    19.153 r  Result_OBUF[15]_inst_i_3/CO[0]
                         net (fo=2, routed)           0.822    19.975    p_2_in[8]
    SLICE_X0Y70          LUT3 (Prop_lut3_I1_O)        0.373    20.348 r  Result_OBUF[15]_inst_i_4/O
                         net (fo=1, routed)           0.000    20.348    Result_OBUF[15]_inst_i_4_n_0
    SLICE_X0Y70          CARRY4 (Prop_carry4_S[3]_O[3])
                                                      0.248    20.596 r  Result_OBUF[15]_inst_i_2/O[3]
                         net (fo=1, routed)           0.594    21.190    Result_OBUF[15]_inst_i_2_n_4
    SLICE_X0Y68          LUT5 (Prop_lut5_I0_O)        0.306    21.496 r  Result_OBUF[15]_inst_i_1/O
                         net (fo=1, routed)           1.929    23.426    Result_OBUF[15]
    V12                  OBUF (Prop_obuf_I_O)         3.570    26.996 r  Result_OBUF[15]_inst/O
                         net (fo=0)                   0.000    26.996    Result[15]
    V12                                                               r  Result[15] (OUT)
  -------------------------------------------------------------------    -------------------

Slack:                    inf
  Source:                 Y[1]
                            (input port)
  Destination:            Result[13]
                            (output port)
  Path Group:             (none)
  Path Type:              Max at Slow Process Corner
  Data Path Delay:        26.588ns  (logic 11.910ns (44.794%)  route 14.678ns (55.206%))
  Logic Levels:           22  (CARRY4=9 IBUF=1 LUT2=2 LUT3=2 LUT4=1 LUT5=3 LUT6=3 OBUF=1)

    Location             Delay type                Incr(ns)  Path(ns)    Netlist Resource(s)
  -------------------------------------------------------------------    -------------------
    T8                                                0.000     0.000 r  Y[1] (IN)
                         net (fo=0)                   0.000     0.000    Y[1]
    T8                   IBUF (Prop_ibuf_I_O)         1.497     1.497 r  Y_IBUF[1]_inst/O
                         net (fo=27, routed)          4.651     6.148    Y_IBUF[1]
    SLICE_X5Y68          LUT3 (Prop_lut3_I1_O)        0.124     6.272 r  Result_OBUF[2]_inst_i_6/O
                         net (fo=1, routed)           0.501     6.773    Result_OBUF[2]_inst_i_6_n_0
    SLICE_X7Y68          CARRY4 (Prop_carry4_S[0]_O[1])
                                                      0.548     7.321 r  Result_OBUF[2]_inst_i_2/O[1]
                         net (fo=3, routed)           0.817     8.138    Result_OBUF[2]_inst_i_2_n_6
    SLICE_X6Y68          LUT5 (Prop_lut5_I0_O)        0.303     8.441 r  Result_OBUF[3]_inst_i_11/O
                         net (fo=1, routed)           0.000     8.441    Result_OBUF[3]_inst_i_11_n_0
    SLICE_X6Y68          CARRY4 (Prop_carry4_S[0]_O[2])
                                                      0.544     8.985 r  Result_OBUF[3]_inst_i_2/O[2]
                         net (fo=1, routed)           0.644     9.628    Result_OBUF[3]_inst_i_2_n_5
    SLICE_X5Y69          LUT6 (Prop_lut6_I0_O)        0.301     9.929 r  Result_OBUF[5]_inst_i_3/O
                         net (fo=5, routed)           0.824    10.754    Result_OBUF[5]_inst_i_3_n_0
    SLICE_X3Y69          LUT2 (Prop_lut2_I0_O)        0.124    10.878 r  Result_OBUF[5]_inst_i_6/O
                         net (fo=1, routed)           0.000    10.878    Result_OBUF[5]_inst_i_6_n_0
    SLICE_X3Y69          CARRY4 (Prop_carry4_S[1]_CO[3])
                                                      0.550    11.428 r  Result_OBUF[5]_inst_i_2/CO[3]
                         net (fo=1, routed)           0.000    11.428    Result_OBUF[5]_inst_i_2_n_0
    SLICE_X3Y70          CARRY4 (Prop_carry4_CI_O[0])
                                                      0.222    11.650 r  Result_OBUF[8]_inst_i_4/O[0]
                         net (fo=3, routed)           0.760    12.410    Result_OBUF[8]_inst_i_4_n_7
    SLICE_X4Y69          LUT3 (Prop_lut3_I0_O)        0.325    12.735 r  Result_OBUF[11]_inst_i_13/O
                         net (fo=4, routed)           0.804    13.538    Result_OBUF[11]_inst_i_13_n_0
    SLICE_X5Y70          LUT2 (Prop_lut2_I0_O)        0.326    13.864 r  Result_OBUF[6]_inst_i_14/O
                         net (fo=1, routed)           0.000    13.864    Result_OBUF[6]_inst_i_14_n_0
    SLICE_X5Y70          CARRY4 (Prop_carry4_S[3]_CO[3])
                                                      0.401    14.265 r  Result_OBUF[6]_inst_i_4/CO[3]
                         net (fo=1, routed)           0.000    14.265    Result_OBUF[6]_inst_i_4_n_0
    SLICE_X5Y71          CARRY4 (Prop_carry4_CI_O[1])
                                                      0.334    14.599 r  Result_OBUF[12]_inst_i_6/O[1]
                         net (fo=4, routed)           0.818    15.417    Result_OBUF[12]_inst_i_6_n_6
    SLICE_X4Y71          LUT4 (Prop_lut4_I2_O)        0.303    15.720 r  Result_OBUF[13]_inst_i_8/O
                         net (fo=1, routed)           0.000    15.720    Result_OBUF[13]_inst_i_8_n_0
    SLICE_X4Y71          CARRY4 (Prop_carry4_S[0]_O[2])
                                                      0.547    16.267 r  Result_OBUF[13]_inst_i_4/O[2]
                         net (fo=1, routed)           0.814    17.081    Result_OBUF[13]_inst_i_4_n_5
    SLICE_X2Y71          LUT5 (Prop_lut5_I4_O)        0.324    17.405 r  Result_OBUF[12]_inst_i_2/O
                         net (fo=3, routed)           0.599    18.004    Result_OBUF[12]_inst_i_2_n_0
    SLICE_X1Y71          LUT5 (Prop_lut5_I0_O)        0.328    18.332 r  Result_OBUF[14]_inst_i_8/O
                         net (fo=1, routed)           0.000    18.332    Result_OBUF[14]_inst_i_8_n_0
    SLICE_X1Y71          CARRY4 (Prop_carry4_S[1]_O[1])
                                                      0.227    18.559 r  Result_OBUF[14]_inst_i_3/O[1]
                         net (fo=2, routed)           0.829    19.388    p_2_in[5]
    SLICE_X0Y70          LUT6 (Prop_lut6_I2_O)        0.303    19.691 r  Result_OBUF[15]_inst_i_7/O
                         net (fo=1, routed)           0.000    19.691    Result_OBUF[15]_inst_i_7_n_0
    SLICE_X0Y70          CARRY4 (Prop_carry4_S[0]_O[1])
                                                      0.424    20.115 r  Result_OBUF[15]_inst_i_2/O[1]
                         net (fo=1, routed)           0.814    20.930    Result_OBUF[15]_inst_i_2_n_6
    SLICE_X1Y69          LUT6 (Prop_lut6_I3_O)        0.303    21.233 r  Result_OBUF[13]_inst_i_1/O
                         net (fo=1, routed)           1.804    23.036    Result_OBUF[13]
    V15                  OBUF (Prop_obuf_I_O)         3.552    26.588 r  Result_OBUF[13]_inst/O
                         net (fo=0)                   0.000    26.588    Result[13]
    V15                                                               r  Result[13] (OUT)
  -------------------------------------------------------------------    -------------------

Slack:                    inf
  Source:                 Y[1]
                            (input port)
  Destination:            Result[12]
                            (output port)
  Path Group:             (none)
  Path Type:              Max at Slow Process Corner
  Data Path Delay:        25.895ns  (logic 11.286ns (43.585%)  route 14.608ns (56.415%))
  Logic Levels:           21  (CARRY4=8 IBUF=1 LUT2=2 LUT3=2 LUT4=1 LUT5=3 LUT6=3 OBUF=1)

    Location             Delay type                Incr(ns)  Path(ns)    Netlist Resource(s)
  -------------------------------------------------------------------    -------------------
    T8                                                0.000     0.000 r  Y[1] (IN)
                         net (fo=0)                   0.000     0.000    Y[1]
    T8                   IBUF (Prop_ibuf_I_O)         1.497     1.497 r  Y_IBUF[1]_inst/O
                         net (fo=27, routed)          4.651     6.148    Y_IBUF[1]
    SLICE_X5Y68          LUT3 (Prop_lut3_I1_O)        0.124     6.272 r  Result_OBUF[2]_inst_i_6/O
                         net (fo=1, routed)           0.501     6.773    Result_OBUF[2]_inst_i_6_n_0
    SLICE_X7Y68          CARRY4 (Prop_carry4_S[0]_O[1])
                                                      0.548     7.321 r  Result_OBUF[2]_inst_i_2/O[1]
                         net (fo=3, routed)           0.817     8.138    Result_OBUF[2]_inst_i_2_n_6
    SLICE_X6Y68          LUT5 (Prop_lut5_I0_O)        0.303     8.441 r  Result_OBUF[3]_inst_i_11/O
                         net (fo=1, routed)           0.000     8.441    Result_OBUF[3]_inst_i_11_n_0
    SLICE_X6Y68          CARRY4 (Prop_carry4_S[0]_O[2])
                                                      0.544     8.985 r  Result_OBUF[3]_inst_i_2/O[2]
                         net (fo=1, routed)           0.644     9.628    Result_OBUF[3]_inst_i_2_n_5
    SLICE_X5Y69          LUT6 (Prop_lut6_I0_O)        0.301     9.929 r  Result_OBUF[5]_inst_i_3/O
                         net (fo=5, routed)           0.824    10.754    Result_OBUF[5]_inst_i_3_n_0
    SLICE_X3Y69          LUT2 (Prop_lut2_I0_O)        0.124    10.878 r  Result_OBUF[5]_inst_i_6/O
                         net (fo=1, routed)           0.000    10.878    Result_OBUF[5]_inst_i_6_n_0
    SLICE_X3Y69          CARRY4 (Prop_carry4_S[1]_CO[3])
                                                      0.550    11.428 r  Result_OBUF[5]_inst_i_2/CO[3]
                         net (fo=1, routed)           0.000    11.428    Result_OBUF[5]_inst_i_2_n_0
    SLICE_X3Y70          CARRY4 (Prop_carry4_CI_O[0])
                                                      0.222    11.650 r  Result_OBUF[8]_inst_i_4/O[0]
                         net (fo=3, routed)           0.760    12.410    Result_OBUF[8]_inst_i_4_n_7
    SLICE_X4Y69          LUT3 (Prop_lut3_I0_O)        0.325    12.735 r  Result_OBUF[11]_inst_i_13/O
                         net (fo=4, routed)           0.804    13.538    Result_OBUF[11]_inst_i_13_n_0
    SLICE_X5Y70          LUT2 (Prop_lut2_I0_O)        0.326    13.864 r  Result_OBUF[6]_inst_i_14/O
                         net (fo=1, routed)           0.000    13.864    Result_OBUF[6]_inst_i_14_n_0
    SLICE_X5Y70          CARRY4 (Prop_carry4_S[3]_CO[3])
                                                      0.401    14.265 r  Result_OBUF[6]_inst_i_4/CO[3]
                         net (fo=1, routed)           0.000    14.265    Result_OBUF[6]_inst_i_4_n_0
    SLICE_X5Y71          CARRY4 (Prop_carry4_CI_O[1])
                                                      0.334    14.599 r  Result_OBUF[12]_inst_i_6/O[1]
                         net (fo=4, routed)           0.818    15.417    Result_OBUF[12]_inst_i_6_n_6
    SLICE_X4Y71          LUT4 (Prop_lut4_I2_O)        0.303    15.720 r  Result_OBUF[13]_inst_i_8/O
                         net (fo=1, routed)           0.000    15.720    Result_OBUF[13]_inst_i_8_n_0
    SLICE_X4Y71          CARRY4 (Prop_carry4_S[0]_O[2])
                                                      0.547    16.267 r  Result_OBUF[13]_inst_i_4/O[2]
                         net (fo=1, routed)           0.814    17.081    Result_OBUF[13]_inst_i_4_n_5
    SLICE_X2Y71          LUT5 (Prop_lut5_I4_O)        0.324    17.405 r  Result_OBUF[12]_inst_i_2/O
                         net (fo=3, routed)           0.599    18.004    Result_OBUF[12]_inst_i_2_n_0
    SLICE_X1Y71          LUT5 (Prop_lut5_I0_O)        0.328    18.332 r  Result_OBUF[14]_inst_i_8/O
                         net (fo=1, routed)           0.000    18.332    Result_OBUF[14]_inst_i_8_n_0
    SLICE_X1Y71          CARRY4 (Prop_carry4_S[1]_O[1])
                                                      0.227    18.559 r  Result_OBUF[14]_inst_i_3/O[1]
                         net (fo=2, routed)           1.277    19.836    p_2_in[5]
    SLICE_X1Y68          LUT6 (Prop_lut6_I0_O)        0.303    20.139 r  Result_OBUF[12]_inst_i_3/O
                         net (fo=1, routed)           0.433    20.572    Result_OBUF[12]_inst_i_3_n_0
    SLICE_X1Y68          LUT6 (Prop_lut6_I5_O)        0.124    20.696 r  Result_OBUF[12]_inst_i_1/O
                         net (fo=1, routed)           1.668    22.364    Result_OBUF[12]
    T16                  OBUF (Prop_obuf_I_O)         3.531    25.895 r  Result_OBUF[12]_inst/O
                         net (fo=0)                   0.000    25.895    Result[12]
    T16                                                               r  Result[12] (OUT)
  -------------------------------------------------------------------    -------------------

Slack:                    inf
  Source:                 Y[1]
                            (input port)
  Destination:            Result[11]
                            (output port)
  Path Group:             (none)
  Path Type:              Max at Slow Process Corner
  Data Path Delay:        25.722ns  (logic 10.962ns (42.619%)  route 14.759ns (57.381%))
  Logic Levels:           20  (CARRY4=8 IBUF=1 LUT2=2 LUT3=2 LUT4=1 LUT5=1 LUT6=4 OBUF=1)

    Location             Delay type                Incr(ns)  Path(ns)    Netlist Resource(s)
  -------------------------------------------------------------------    -------------------
    T8                                                0.000     0.000 r  Y[1] (IN)
                         net (fo=0)                   0.000     0.000    Y[1]
    T8                   IBUF (Prop_ibuf_I_O)         1.497     1.497 r  Y_IBUF[1]_inst/O
                         net (fo=27, routed)          4.651     6.148    Y_IBUF[1]
    SLICE_X5Y68          LUT3 (Prop_lut3_I1_O)        0.124     6.272 r  Result_OBUF[2]_inst_i_6/O
                         net (fo=1, routed)           0.501     6.773    Result_OBUF[2]_inst_i_6_n_0
    SLICE_X7Y68          CARRY4 (Prop_carry4_S[0]_O[1])
                                                      0.548     7.321 r  Result_OBUF[2]_inst_i_2/O[1]
                         net (fo=3, routed)           0.817     8.138    Result_OBUF[2]_inst_i_2_n_6
    SLICE_X6Y68          LUT5 (Prop_lut5_I0_O)        0.303     8.441 r  Result_OBUF[3]_inst_i_11/O
                         net (fo=1, routed)           0.000     8.441    Result_OBUF[3]_inst_i_11_n_0
    SLICE_X6Y68          CARRY4 (Prop_carry4_S[0]_O[2])
                                                      0.544     8.985 r  Result_OBUF[3]_inst_i_2/O[2]
                         net (fo=1, routed)           0.644     9.628    Result_OBUF[3]_inst_i_2_n_5
    SLICE_X5Y69          LUT6 (Prop_lut6_I0_O)        0.301     9.929 r  Result_OBUF[5]_inst_i_3/O
                         net (fo=5, routed)           0.824    10.754    Result_OBUF[5]_inst_i_3_n_0
    SLICE_X3Y69          LUT2 (Prop_lut2_I0_O)        0.124    10.878 r  Result_OBUF[5]_inst_i_6/O
                         net (fo=1, routed)           0.000    10.878    Result_OBUF[5]_inst_i_6_n_0
    SLICE_X3Y69          CARRY4 (Prop_carry4_S[1]_CO[3])
                                                      0.550    11.428 r  Result_OBUF[5]_inst_i_2/CO[3]
                         net (fo=1, routed)           0.000    11.428    Result_OBUF[5]_inst_i_2_n_0
    SLICE_X3Y70          CARRY4 (Prop_carry4_CI_O[0])
                                                      0.222    11.650 r  Result_OBUF[8]_inst_i_4/O[0]
                         net (fo=3, routed)           0.760    12.410    Result_OBUF[8]_inst_i_4_n_7
    SLICE_X4Y69          LUT3 (Prop_lut3_I0_O)        0.325    12.735 r  Result_OBUF[11]_inst_i_13/O
                         net (fo=4, routed)           0.804    13.538    Result_OBUF[11]_inst_i_13_n_0
    SLICE_X5Y70          LUT2 (Prop_lut2_I0_O)        0.326    13.864 r  Result_OBUF[6]_inst_i_14/O
                         net (fo=1, routed)           0.000    13.864    Result_OBUF[6]_inst_i_14_n_0
    SLICE_X5Y70          CARRY4 (Prop_carry4_S[3]_O[3])
                                                      0.248    14.112 r  Result_OBUF[6]_inst_i_4/O[3]
                         net (fo=3, routed)           0.878    14.990    Result_OBUF[6]_inst_i_4_n_4
    SLICE_X4Y70          LUT4 (Prop_lut4_I2_O)        0.306    15.296 r  Result_OBUF[6]_inst_i_6/O
                         net (fo=1, routed)           0.000    15.296    Result_OBUF[6]_inst_i_6_n_0
    SLICE_X4Y70          CARRY4 (Prop_carry4_S[2]_O[2])
                                                      0.248    15.544 r  Result_OBUF[6]_inst_i_2/O[2]
                         net (fo=2, routed)           0.978    16.522    Result_OBUF[6]_inst_i_2_n_5
    SLICE_X1Y70          LUT6 (Prop_lut6_I3_O)        0.302    16.824 r  Result_OBUF[10]_inst_i_6/O
                         net (fo=1, routed)           0.000    16.824    Result_OBUF[10]_inst_i_6_n_0
    SLICE_X1Y70          CARRY4 (Prop_carry4_S[1]_O[1])
                                                      0.227    17.051 r  Result_OBUF[10]_inst_i_2/O[1]
                         net (fo=2, routed)           1.168    18.219    p_2_in[1]
    SLICE_X0Y69          LUT6 (Prop_lut6_I0_O)        0.303    18.522 r  Result_OBUF[11]_inst_i_7/O
                         net (fo=1, routed)           0.000    18.522    Result_OBUF[11]_inst_i_7_n_0
    SLICE_X0Y69          CARRY4 (Prop_carry4_S[0]_O[3])
                                                      0.606    19.128 r  Result_OBUF[11]_inst_i_2/O[3]
                         net (fo=1, routed)           0.658    19.786    Result_OBUF[11]_inst_i_2_n_4
    SLICE_X0Y68          LUT6 (Prop_lut6_I0_O)        0.306    20.092 r  Result_OBUF[11]_inst_i_1/O
                         net (fo=1, routed)           2.077    22.169    Result_OBUF[11]
    U14                  OBUF (Prop_obuf_I_O)         3.552    25.722 r  Result_OBUF[11]_inst/O
                         net (fo=0)                   0.000    25.722    Result[11]
    U14                                                               r  Result[11] (OUT)
  -------------------------------------------------------------------    -------------------

Slack:                    inf
  Source:                 Y[1]
                            (input port)
  Destination:            Result[10]
                            (output port)
  Path Group:             (none)
  Path Type:              Max at Slow Process Corner
  Data Path Delay:        25.389ns  (logic 10.901ns (42.938%)  route 14.487ns (57.062%))
  Logic Levels:           20  (CARRY4=8 IBUF=1 LUT2=2 LUT3=2 LUT4=1 LUT5=1 LUT6=4 OBUF=1)

    Location             Delay type                Incr(ns)  Path(ns)    Netlist Resource(s)
  -------------------------------------------------------------------    -------------------
    T8                                                0.000     0.000 r  Y[1] (IN)
                         net (fo=0)                   0.000     0.000    Y[1]
    T8                   IBUF (Prop_ibuf_I_O)         1.497     1.497 r  Y_IBUF[1]_inst/O
                         net (fo=27, routed)          4.651     6.148    Y_IBUF[1]
    SLICE_X5Y68          LUT3 (Prop_lut3_I1_O)        0.124     6.272 r  Result_OBUF[2]_inst_i_6/O
                         net (fo=1, routed)           0.501     6.773    Result_OBUF[2]_inst_i_6_n_0
    SLICE_X7Y68          CARRY4 (Prop_carry4_S[0]_O[1])
                                                      0.548     7.321 r  Result_OBUF[2]_inst_i_2/O[1]
                         net (fo=3, routed)           0.817     8.138    Result_OBUF[2]_inst_i_2_n_6
    SLICE_X6Y68          LUT5 (Prop_lut5_I0_O)        0.303     8.441 r  Result_OBUF[3]_inst_i_11/O
                         net (fo=1, routed)           0.000     8.441    Result_OBUF[3]_inst_i_11_n_0
    SLICE_X6Y68          CARRY4 (Prop_carry4_S[0]_O[2])
                                                      0.544     8.985 r  Result_OBUF[3]_inst_i_2/O[2]
                         net (fo=1, routed)           0.644     9.628    Result_OBUF[3]_inst_i_2_n_5
    SLICE_X5Y69          LUT6 (Prop_lut6_I0_O)        0.301     9.929 r  Result_OBUF[5]_inst_i_3/O
                         net (fo=5, routed)           0.824    10.754    Result_OBUF[5]_inst_i_3_n_0
    SLICE_X3Y69          LUT2 (Prop_lut2_I0_O)        0.124    10.878 r  Result_OBUF[5]_inst_i_6/O
                         net (fo=1, routed)           0.000    10.878    Result_OBUF[5]_inst_i_6_n_0
    SLICE_X3Y69          CARRY4 (Prop_carry4_S[1]_CO[3])
                                                      0.550    11.428 r  Result_OBUF[5]_inst_i_2/CO[3]
                         net (fo=1, routed)           0.000    11.428    Result_OBUF[5]_inst_i_2_n_0
    SLICE_X3Y70          CARRY4 (Prop_carry4_CI_O[0])
                                                      0.222    11.650 r  Result_OBUF[8]_inst_i_4/O[0]
                         net (fo=3, routed)           0.760    12.410    Result_OBUF[8]_inst_i_4_n_7
    SLICE_X4Y69          LUT3 (Prop_lut3_I0_O)        0.325    12.735 r  Result_OBUF[11]_inst_i_13/O
                         net (fo=4, routed)           0.804    13.538    Result_OBUF[11]_inst_i_13_n_0
    SLICE_X5Y70          LUT2 (Prop_lut2_I0_O)        0.326    13.864 r  Result_OBUF[6]_inst_i_14/O
                         net (fo=1, routed)           0.000    13.864    Result_OBUF[6]_inst_i_14_n_0
    SLICE_X5Y70          CARRY4 (Prop_carry4_S[3]_O[3])
                                                      0.248    14.112 r  Result_OBUF[6]_inst_i_4/O[3]
                         net (fo=3, routed)           0.878    14.990    Result_OBUF[6]_inst_i_4_n_4
    SLICE_X4Y70          LUT4 (Prop_lut4_I2_O)        0.306    15.296 r  Result_OBUF[6]_inst_i_6/O
                         net (fo=1, routed)           0.000    15.296    Result_OBUF[6]_inst_i_6_n_0
    SLICE_X4Y70          CARRY4 (Prop_carry4_S[2]_O[2])
                                                      0.248    15.544 r  Result_OBUF[6]_inst_i_2/O[2]
                         net (fo=2, routed)           0.978    16.522    Result_OBUF[6]_inst_i_2_n_5
    SLICE_X1Y70          LUT6 (Prop_lut6_I3_O)        0.302    16.824 r  Result_OBUF[10]_inst_i_6/O
                         net (fo=1, routed)           0.000    16.824    Result_OBUF[10]_inst_i_6_n_0
    SLICE_X1Y70          CARRY4 (Prop_carry4_S[1]_O[1])
                                                      0.227    17.051 r  Result_OBUF[10]_inst_i_2/O[1]
                         net (fo=2, routed)           1.168    18.219    p_2_in[1]
    SLICE_X0Y69          LUT6 (Prop_lut6_I0_O)        0.303    18.522 r  Result_OBUF[11]_inst_i_7/O
                         net (fo=1, routed)           0.000    18.522    Result_OBUF[11]_inst_i_7_n_0
    SLICE_X0Y69          CARRY4 (Prop_carry4_S[0]_O[2])
                                                      0.547    19.069 r  Result_OBUF[11]_inst_i_2/O[2]
                         net (fo=1, routed)           0.794    19.863    Result_OBUF[11]_inst_i_2_n_5
    SLICE_X0Y72          LUT6 (Prop_lut6_I0_O)        0.302    20.165 r  Result_OBUF[10]_inst_i_1/O
                         net (fo=1, routed)           1.670    21.834    Result_OBUF[10]
    T15                  OBUF (Prop_obuf_I_O)         3.554    25.389 r  Result_OBUF[10]_inst/O
                         net (fo=0)                   0.000    25.389    Result[10]
    T15                                                               r  Result[10] (OUT)
  -------------------------------------------------------------------    -------------------

Slack:                    inf
  Source:                 Y[1]
                            (input port)
  Destination:            Result[8]
                            (output port)
  Path Group:             (none)
  Path Type:              Max at Slow Process Corner
  Data Path Delay:        25.139ns  (logic 10.599ns (42.163%)  route 14.539ns (57.837%))
  Logic Levels:           20  (CARRY4=8 IBUF=1 LUT2=2 LUT3=2 LUT4=1 LUT5=1 LUT6=4 OBUF=1)

    Location             Delay type                Incr(ns)  Path(ns)    Netlist Resource(s)
  -------------------------------------------------------------------    -------------------
    T8                                                0.000     0.000 r  Y[1] (IN)
                         net (fo=0)                   0.000     0.000    Y[1]
    T8                   IBUF (Prop_ibuf_I_O)         1.497     1.497 r  Y_IBUF[1]_inst/O
                         net (fo=27, routed)          4.651     6.148    Y_IBUF[1]
    SLICE_X5Y68          LUT3 (Prop_lut3_I1_O)        0.124     6.272 r  Result_OBUF[2]_inst_i_6/O
                         net (fo=1, routed)           0.501     6.773    Result_OBUF[2]_inst_i_6_n_0
    SLICE_X7Y68          CARRY4 (Prop_carry4_S[0]_O[1])
                                                      0.548     7.321 r  Result_OBUF[2]_inst_i_2/O[1]
                         net (fo=3, routed)           0.817     8.138    Result_OBUF[2]_inst_i_2_n_6
    SLICE_X6Y68          LUT5 (Prop_lut5_I0_O)        0.303     8.441 r  Result_OBUF[3]_inst_i_11/O
                         net (fo=1, routed)           0.000     8.441    Result_OBUF[3]_inst_i_11_n_0
    SLICE_X6Y68          CARRY4 (Prop_carry4_S[0]_O[2])
                                                      0.544     8.985 r  Result_OBUF[3]_inst_i_2/O[2]
                         net (fo=1, routed)           0.644     9.628    Result_OBUF[3]_inst_i_2_n_5
    SLICE_X5Y69          LUT6 (Prop_lut6_I0_O)        0.301     9.929 r  Result_OBUF[5]_inst_i_3/O
                         net (fo=5, routed)           0.824    10.754    Result_OBUF[5]_inst_i_3_n_0
    SLICE_X3Y69          LUT2 (Prop_lut2_I0_O)        0.124    10.878 r  Result_OBUF[5]_inst_i_6/O
                         net (fo=1, routed)           0.000    10.878    Result_OBUF[5]_inst_i_6_n_0
    SLICE_X3Y69          CARRY4 (Prop_carry4_S[1]_CO[3])
                                                      0.550    11.428 r  Result_OBUF[5]_inst_i_2/CO[3]
                         net (fo=1, routed)           0.000    11.428    Result_OBUF[5]_inst_i_2_n_0
    SLICE_X3Y70          CARRY4 (Prop_carry4_CI_O[0])
                                                      0.222    11.650 r  Result_OBUF[8]_inst_i_4/O[0]
                         net (fo=3, routed)           0.760    12.410    Result_OBUF[8]_inst_i_4_n_7
    SLICE_X4Y69          LUT3 (Prop_lut3_I0_O)        0.325    12.735 r  Result_OBUF[11]_inst_i_13/O
                         net (fo=4, routed)           0.804    13.538    Result_OBUF[11]_inst_i_13_n_0
    SLICE_X5Y70          LUT2 (Prop_lut2_I0_O)        0.326    13.864 r  Result_OBUF[6]_inst_i_14/O
                         net (fo=1, routed)           0.000    13.864    Result_OBUF[6]_inst_i_14_n_0
    SLICE_X5Y70          CARRY4 (Prop_carry4_S[3]_O[3])
                                                      0.248    14.112 r  Result_OBUF[6]_inst_i_4/O[3]
                         net (fo=3, routed)           0.878    14.990    Result_OBUF[6]_inst_i_4_n_4
    SLICE_X4Y70          LUT4 (Prop_lut4_I2_O)        0.306    15.296 r  Result_OBUF[6]_inst_i_6/O
                         net (fo=1, routed)           0.000    15.296    Result_OBUF[6]_inst_i_6_n_0
    SLICE_X4Y70          CARRY4 (Prop_carry4_S[2]_O[2])
                                                      0.248    15.544 r  Result_OBUF[6]_inst_i_2/O[2]
                         net (fo=2, routed)           0.978    16.522    Result_OBUF[6]_inst_i_2_n_5
    SLICE_X1Y70          LUT6 (Prop_lut6_I3_O)        0.302    16.824 r  Result_OBUF[10]_inst_i_6/O
                         net (fo=1, routed)           0.000    16.824    Result_OBUF[10]_inst_i_6_n_0
    SLICE_X1Y70          CARRY4 (Prop_carry4_S[1]_O[1])
                                                      0.227    17.051 r  Result_OBUF[10]_inst_i_2/O[1]
                         net (fo=2, routed)           1.168    18.219    p_2_in[1]
    SLICE_X0Y69          LUT6 (Prop_lut6_I0_O)        0.303    18.522 r  Result_OBUF[11]_inst_i_7/O
                         net (fo=1, routed)           0.000    18.522    Result_OBUF[11]_inst_i_7_n_0
    SLICE_X0Y69          CARRY4 (Prop_carry4_S[0]_O[0])
                                                      0.247    18.769 r  Result_OBUF[11]_inst_i_2/O[0]
                         net (fo=1, routed)           0.801    19.570    Result_OBUF[11]_inst_i_2_n_7
    SLICE_X1Y68          LUT6 (Prop_lut6_I0_O)        0.299    19.869 r  Result_OBUF[8]_inst_i_1/O
                         net (fo=1, routed)           1.714    21.583    Result_OBUF[8]
    U16                  OBUF (Prop_obuf_I_O)         3.555    25.139 r  Result_OBUF[8]_inst/O
                         net (fo=0)                   0.000    25.139    Result[8]
    U16                                                               r  Result[8] (OUT)
  -------------------------------------------------------------------    -------------------

Slack:                    inf
  Source:                 Y[1]
                            (input port)
  Destination:            Result[9]
                            (output port)
  Path Group:             (none)
  Path Type:              Max at Slow Process Corner
  Data Path Delay:        25.114ns  (logic 10.773ns (42.896%)  route 14.341ns (57.104%))
  Logic Levels:           20  (CARRY4=8 IBUF=1 LUT2=2 LUT3=2 LUT4=1 LUT5=1 LUT6=4 OBUF=1)

    Location             Delay type                Incr(ns)  Path(ns)    Netlist Resource(s)
  -------------------------------------------------------------------    -------------------
    T8                                                0.000     0.000 r  Y[1] (IN)
                         net (fo=0)                   0.000     0.000    Y[1]
    T8                   IBUF (Prop_ibuf_I_O)         1.497     1.497 r  Y_IBUF[1]_inst/O
                         net (fo=27, routed)          4.651     6.148    Y_IBUF[1]
    SLICE_X5Y68          LUT3 (Prop_lut3_I1_O)        0.124     6.272 r  Result_OBUF[2]_inst_i_6/O
                         net (fo=1, routed)           0.501     6.773    Result_OBUF[2]_inst_i_6_n_0
    SLICE_X7Y68          CARRY4 (Prop_carry4_S[0]_O[1])
                                                      0.548     7.321 r  Result_OBUF[2]_inst_i_2/O[1]
                         net (fo=3, routed)           0.817     8.138    Result_OBUF[2]_inst_i_2_n_6
    SLICE_X6Y68          LUT5 (Prop_lut5_I0_O)        0.303     8.441 r  Result_OBUF[3]_inst_i_11/O
                         net (fo=1, routed)           0.000     8.441    Result_OBUF[3]_inst_i_11_n_0
    SLICE_X6Y68          CARRY4 (Prop_carry4_S[0]_O[2])
                                                      0.544     8.985 r  Result_OBUF[3]_inst_i_2/O[2]
                         net (fo=1, routed)           0.644     9.628    Result_OBUF[3]_inst_i_2_n_5
    SLICE_X5Y69          LUT6 (Prop_lut6_I0_O)        0.301     9.929 r  Result_OBUF[5]_inst_i_3/O
                         net (fo=5, routed)           0.824    10.754    Result_OBUF[5]_inst_i_3_n_0
    SLICE_X3Y69          LUT2 (Prop_lut2_I0_O)        0.124    10.878 r  Result_OBUF[5]_inst_i_6/O
                         net (fo=1, routed)           0.000    10.878    Result_OBUF[5]_inst_i_6_n_0
    SLICE_X3Y69          CARRY4 (Prop_carry4_S[1]_CO[3])
                                                      0.550    11.428 r  Result_OBUF[5]_inst_i_2/CO[3]
                         net (fo=1, routed)           0.000    11.428    Result_OBUF[5]_inst_i_2_n_0
    SLICE_X3Y70          CARRY4 (Prop_carry4_CI_O[0])
                                                      0.222    11.650 r  Result_OBUF[8]_inst_i_4/O[0]
                         net (fo=3, routed)           0.760    12.410    Result_OBUF[8]_inst_i_4_n_7
    SLICE_X4Y69          LUT3 (Prop_lut3_I0_O)        0.325    12.735 r  Result_OBUF[11]_inst_i_13/O
                         net (fo=4, routed)           0.804    13.538    Result_OBUF[11]_inst_i_13_n_0
    SLICE_X5Y70          LUT2 (Prop_lut2_I0_O)        0.326    13.864 r  Result_OBUF[6]_inst_i_14/O
                         net (fo=1, routed)           0.000    13.864    Result_OBUF[6]_inst_i_14_n_0
    SLICE_X5Y70          CARRY4 (Prop_carry4_S[3]_O[3])
                                                      0.248    14.112 r  Result_OBUF[6]_inst_i_4/O[3]
                         net (fo=3, routed)           0.878    14.990    Result_OBUF[6]_inst_i_4_n_4
    SLICE_X4Y70          LUT4 (Prop_lut4_I2_O)        0.306    15.296 r  Result_OBUF[6]_inst_i_6/O
                         net (fo=1, routed)           0.000    15.296    Result_OBUF[6]_inst_i_6_n_0
    SLICE_X4Y70          CARRY4 (Prop_carry4_S[2]_O[2])
                                                      0.248    15.544 r  Result_OBUF[6]_inst_i_2/O[2]
                         net (fo=2, routed)           0.978    16.522    Result_OBUF[6]_inst_i_2_n_5
    SLICE_X1Y70          LUT6 (Prop_lut6_I3_O)        0.302    16.824 r  Result_OBUF[10]_inst_i_6/O
                         net (fo=1, routed)           0.000    16.824    Result_OBUF[10]_inst_i_6_n_0
    SLICE_X1Y70          CARRY4 (Prop_carry4_S[1]_O[1])
                                                      0.227    17.051 r  Result_OBUF[10]_inst_i_2/O[1]
                         net (fo=2, routed)           1.168    18.219    p_2_in[1]
    SLICE_X0Y69          LUT6 (Prop_lut6_I0_O)        0.303    18.522 r  Result_OBUF[11]_inst_i_7/O
                         net (fo=1, routed)           0.000    18.522    Result_OBUF[11]_inst_i_7_n_0
    SLICE_X0Y69          CARRY4 (Prop_carry4_S[0]_O[1])
                                                      0.424    18.946 r  Result_OBUF[11]_inst_i_2/O[1]
                         net (fo=1, routed)           0.508    19.454    Result_OBUF[11]_inst_i_2_n_6
    SLICE_X1Y69          LUT6 (Prop_lut6_I0_O)        0.303    19.757 r  Result_OBUF[9]_inst_i_1/O
                         net (fo=1, routed)           1.809    21.566    Result_OBUF[9]
    V16                  OBUF (Prop_obuf_I_O)         3.548    25.114 r  Result_OBUF[9]_inst/O
                         net (fo=0)                   0.000    25.114    Result[9]
    V16                                                               r  Result[9] (OUT)
  -------------------------------------------------------------------    -------------------

Slack:                    inf
  Source:                 Y[1]
                            (input port)
  Destination:            Result[7]
                            (output port)
  Path Group:             (none)
  Path Type:              Max at Slow Process Corner
  Data Path Delay:        22.635ns  (logic 9.270ns (40.954%)  route 13.365ns (59.046%))
  Logic Levels:           16  (CARRY4=5 IBUF=1 LUT2=2 LUT3=2 LUT4=2 LUT5=1 LUT6=2 OBUF=1)

    Location             Delay type                Incr(ns)  Path(ns)    Netlist Resource(s)
  -------------------------------------------------------------------    -------------------
    T8                                                0.000     0.000 r  Y[1] (IN)
                         net (fo=0)                   0.000     0.000    Y[1]
    T8                   IBUF (Prop_ibuf_I_O)         1.497     1.497 r  Y_IBUF[1]_inst/O
                         net (fo=27, routed)          4.651     6.148    Y_IBUF[1]
    SLICE_X5Y68          LUT3 (Prop_lut3_I1_O)        0.124     6.272 r  Result_OBUF[2]_inst_i_6/O
                         net (fo=1, routed)           0.501     6.773    Result_OBUF[2]_inst_i_6_n_0
    SLICE_X7Y68          CARRY4 (Prop_carry4_S[0]_O[1])
                                                      0.548     7.321 r  Result_OBUF[2]_inst_i_2/O[1]
                         net (fo=3, routed)           0.817     8.138    Result_OBUF[2]_inst_i_2_n_6
    SLICE_X6Y68          LUT5 (Prop_lut5_I0_O)        0.303     8.441 r  Result_OBUF[3]_inst_i_11/O
                         net (fo=1, routed)           0.000     8.441    Result_OBUF[3]_inst_i_11_n_0
    SLICE_X6Y68          CARRY4 (Prop_carry4_S[0]_O[2])
                                                      0.544     8.985 r  Result_OBUF[3]_inst_i_2/O[2]
                         net (fo=1, routed)           0.644     9.628    Result_OBUF[3]_inst_i_2_n_5
    SLICE_X5Y69          LUT6 (Prop_lut6_I0_O)        0.301     9.929 r  Result_OBUF[5]_inst_i_3/O
                         net (fo=5, routed)           0.824    10.754    Result_OBUF[5]_inst_i_3_n_0
    SLICE_X3Y69          LUT2 (Prop_lut2_I0_O)        0.124    10.878 r  Result_OBUF[5]_inst_i_6/O
                         net (fo=1, routed)           0.000    10.878    Result_OBUF[5]_inst_i_6_n_0
    SLICE_X3Y69          CARRY4 (Prop_carry4_S[1]_O[3])
                                                      0.640    11.518 r  Result_OBUF[5]_inst_i_2/O[3]
                         net (fo=2, routed)           0.441    11.959    Result_OBUF[5]_inst_i_2_n_4
    SLICE_X4Y69          LUT3 (Prop_lut3_I0_O)        0.306    12.265 r  Result_OBUF[7]_inst_i_3/O
                         net (fo=4, routed)           1.314    13.579    Result_OBUF[7]_inst_i_3_n_0
    SLICE_X5Y70          LUT2 (Prop_lut2_I0_O)        0.124    13.703 r  Result_OBUF[6]_inst_i_15/O
                         net (fo=1, routed)           0.000    13.703    Result_OBUF[6]_inst_i_15_n_0
    SLICE_X5Y70          CARRY4 (Prop_carry4_S[2]_O[2])
                                                      0.248    13.951 r  Result_OBUF[6]_inst_i_4/O[2]
                         net (fo=3, routed)           0.532    14.483    Result_OBUF[6]_inst_i_4_n_5
    SLICE_X4Y70          LUT4 (Prop_lut4_I2_O)        0.302    14.785 r  Result_OBUF[6]_inst_i_7/O
                         net (fo=1, routed)           0.000    14.785    Result_OBUF[6]_inst_i_7_n_0
    SLICE_X4Y70          CARRY4 (Prop_carry4_S[1]_O[1])
                                                      0.227    15.012 r  Result_OBUF[6]_inst_i_2/O[1]
                         net (fo=2, routed)           0.974    15.986    Result_OBUF[6]_inst_i_2_n_6
    SLICE_X2Y71          LUT4 (Prop_lut4_I3_O)        0.303    16.289 r  Result_OBUF[7]_inst_i_4/O
                         net (fo=1, routed)           0.955    17.244    Result_OBUF[7]_inst_i_4_n_0
    SLICE_X1Y69          LUT6 (Prop_lut6_I2_O)        0.124    17.368 r  Result_OBUF[7]_inst_i_1/O
                         net (fo=1, routed)           1.712    19.080    Result_OBUF[7]
    U17                  OBUF (Prop_obuf_I_O)         3.555    22.635 r  Result_OBUF[7]_inst/O
                         net (fo=0)                   0.000    22.635    Result[7]
    U17                                                               r  Result[7] (OUT)
  -------------------------------------------------------------------    -------------------





Min Delay Paths
--------------------------------------------------------------------------------------
Slack:                    inf
  Source:                 Y[7]
                            (input port)
  Destination:            Result[12]
                            (output port)
  Path Group:             (none)
  Path Type:              Min at Fast Process Corner
  Data Path Delay:        2.462ns  (logic 1.555ns (63.149%)  route 0.907ns (36.851%))
  Logic Levels:           3  (IBUF=1 LUT6=1 OBUF=1)

    Location             Delay type                Incr(ns)  Path(ns)    Netlist Resource(s)
  -------------------------------------------------------------------    -------------------
    U11                                               0.000     0.000 f  Y[7] (IN)
                         net (fo=0)                   0.000     0.000    Y[7]
    U11                  IBUF (Prop_ibuf_I_O)         0.277     0.277 f  Y_IBUF[7]_inst/O
                         net (fo=19, routed)          0.589     0.866    Y_IBUF[7]
    SLICE_X1Y68          LUT6 (Prop_lut6_I2_O)        0.045     0.911 r  Result_OBUF[12]_inst_i_1/O
                         net (fo=1, routed)           0.319     1.230    Result_OBUF[12]
    T16                  OBUF (Prop_obuf_I_O)         1.232     2.462 r  Result_OBUF[12]_inst/O
                         net (fo=0)                   0.000     2.462    Result[12]
    T16                                                               r  Result[12] (OUT)
  -------------------------------------------------------------------    -------------------

Slack:                    inf
  Source:                 Y[8]
                            (input port)
  Destination:            Result[8]
                            (output port)
  Path Group:             (none)
  Path Type:              Min at Fast Process Corner
  Data Path Delay:        2.526ns  (logic 1.592ns (63.041%)  route 0.934ns (36.959%))
  Logic Levels:           3  (IBUF=1 LUT6=1 OBUF=1)

    Location             Delay type                Incr(ns)  Path(ns)    Netlist Resource(s)
  -------------------------------------------------------------------    -------------------
    V10                                               0.000     0.000 r  Y[8] (IN)
                         net (fo=0)                   0.000     0.000    Y[8]
    V10                  IBUF (Prop_ibuf_I_O)         0.292     0.292 r  Y_IBUF[8]_inst/O
                         net (fo=11, routed)          0.579     0.871    Y_IBUF[8]
    SLICE_X1Y68          LUT6 (Prop_lut6_I3_O)        0.045     0.916 r  Result_OBUF[8]_inst_i_1/O
                         net (fo=1, routed)           0.354     1.270    Result_OBUF[8]
    U16                  OBUF (Prop_obuf_I_O)         1.256     2.526 r  Result_OBUF[8]_inst/O
                         net (fo=0)                   0.000     2.526    Result[8]
    U16                                                               r  Result[8] (OUT)
  -------------------------------------------------------------------    -------------------

Slack:                    inf
  Source:                 Y[8]
                            (input port)
  Destination:            Result[9]
                            (output port)
  Path Group:             (none)
  Path Type:              Min at Fast Process Corner
  Data Path Delay:        2.529ns  (logic 1.585ns (62.664%)  route 0.944ns (37.336%))
  Logic Levels:           3  (IBUF=1 LUT6=1 OBUF=1)

    Location             Delay type                Incr(ns)  Path(ns)    Netlist Resource(s)
  -------------------------------------------------------------------    -------------------
    V10                                               0.000     0.000 r  Y[8] (IN)
                         net (fo=0)                   0.000     0.000    Y[8]
    V10                  IBUF (Prop_ibuf_I_O)         0.292     0.292 r  Y_IBUF[8]_inst/O
                         net (fo=11, routed)          0.553     0.844    Y_IBUF[8]
    SLICE_X1Y69          LUT6 (Prop_lut6_I3_O)        0.045     0.889 r  Result_OBUF[9]_inst_i_1/O
                         net (fo=1, routed)           0.392     1.281    Result_OBUF[9]
    V16                  OBUF (Prop_obuf_I_O)         1.248     2.529 r  Result_OBUF[9]_inst/O
                         net (fo=0)                   0.000     2.529    Result[9]
    V16                                                               r  Result[9] (OUT)
  -------------------------------------------------------------------    -------------------

Slack:                    inf
  Source:                 Y[7]
                            (input port)
  Destination:            Result[15]
                            (output port)
  Path Group:             (none)
  Path Type:              Min at Fast Process Corner
  Data Path Delay:        2.560ns  (logic 1.593ns (62.233%)  route 0.967ns (37.767%))
  Logic Levels:           3  (IBUF=1 LUT5=1 OBUF=1)

    Location             Delay type                Incr(ns)  Path(ns)    Netlist Resource(s)
  -------------------------------------------------------------------    -------------------
    U11                                               0.000     0.000 r  Y[7] (IN)
                         net (fo=0)                   0.000     0.000    Y[7]
    U11                  IBUF (Prop_ibuf_I_O)         0.277     0.277 r  Y_IBUF[7]_inst/O
                         net (fo=19, routed)          0.529     0.807    Y_IBUF[7]
    SLICE_X0Y68          LUT5 (Prop_lut5_I4_O)        0.045     0.852 r  Result_OBUF[15]_inst_i_1/O
                         net (fo=1, routed)           0.437     1.289    Result_OBUF[15]
    V12                  OBUF (Prop_obuf_I_O)         1.271     2.560 r  Result_OBUF[15]_inst/O
                         net (fo=0)                   0.000     2.560    Result[15]
    V12                                                               r  Result[15] (OUT)
  -------------------------------------------------------------------    -------------------

Slack:                    inf
  Source:                 Y[7]
                            (input port)
  Destination:            Result[13]
                            (output port)
  Path Group:             (none)
  Path Type:              Min at Fast Process Corner
  Data Path Delay:        2.564ns  (logic 1.575ns (61.414%)  route 0.989ns (38.586%))
  Logic Levels:           3  (IBUF=1 LUT6=1 OBUF=1)

    Location             Delay type                Incr(ns)  Path(ns)    Netlist Resource(s)
  -------------------------------------------------------------------    -------------------
    U11                                               0.000     0.000 r  Y[7] (IN)
                         net (fo=0)                   0.000     0.000    Y[7]
    U11                  IBUF (Prop_ibuf_I_O)         0.277     0.277 r  Y_IBUF[7]_inst/O
                         net (fo=19, routed)          0.607     0.884    Y_IBUF[7]
    SLICE_X1Y69          LUT6 (Prop_lut6_I1_O)        0.045     0.929 r  Result_OBUF[13]_inst_i_1/O
                         net (fo=1, routed)           0.383     1.312    Result_OBUF[13]
    V15                  OBUF (Prop_obuf_I_O)         1.252     2.564 r  Result_OBUF[13]_inst/O
                         net (fo=0)                   0.000     2.564    Result[13]
    V15                                                               r  Result[13] (OUT)
  -------------------------------------------------------------------    -------------------

Slack:                    inf
  Source:                 reset
                            (input port)
  Destination:            Result[10]
                            (output port)
  Path Group:             (none)
  Path Type:              Min at Fast Process Corner
  Data Path Delay:        2.574ns  (logic 1.554ns (60.344%)  route 1.021ns (39.656%))
  Logic Levels:           3  (IBUF=1 LUT6=1 OBUF=1)

    Location             Delay type                Incr(ns)  Path(ns)    Netlist Resource(s)
  -------------------------------------------------------------------    -------------------
    M18                                               0.000     0.000 f  reset (IN)
                         net (fo=0)                   0.000     0.000    reset
    M18                  IBUF (Prop_ibuf_I_O)         0.254     0.254 f  reset_IBUF_inst/O
                         net (fo=18, routed)          0.685     0.939    reset_IBUF
    SLICE_X0Y72          LUT6 (Prop_lut6_I2_O)        0.045     0.984 r  Result_OBUF[10]_inst_i_1/O
                         net (fo=1, routed)           0.336     1.319    Result_OBUF[10]
    T15                  OBUF (Prop_obuf_I_O)         1.255     2.574 r  Result_OBUF[10]_inst/O
                         net (fo=0)                   0.000     2.574    Result[10]
    T15                                                               r  Result[10] (OUT)
  -------------------------------------------------------------------    -------------------

Slack:                    inf
  Source:                 Y[6]
                            (input port)
  Destination:            Result[6]
                            (output port)
  Path Group:             (none)
  Path Type:              Min at Fast Process Corner
  Data Path Delay:        2.644ns  (logic 1.588ns (60.064%)  route 1.056ns (39.936%))
  Logic Levels:           3  (IBUF=1 LUT6=1 OBUF=1)

    Location             Delay type                Incr(ns)  Path(ns)    Netlist Resource(s)
  -------------------------------------------------------------------    -------------------
    U12                                               0.000     0.000 r  Y[6] (IN)
                         net (fo=0)                   0.000     0.000    Y[6]
    U12                  IBUF (Prop_ibuf_I_O)         0.291     0.291 r  Y_IBUF[6]_inst/O
                         net (fo=24, routed)          0.653     0.944    Y_IBUF[6]
    SLICE_X2Y69          LUT6 (Prop_lut6_I3_O)        0.045     0.989 r  Result_OBUF[6]_inst_i_1/O
                         net (fo=1, routed)           0.403     1.392    Result_OBUF[6]
    V17                  OBUF (Prop_obuf_I_O)         1.252     2.644 r  Result_OBUF[6]_inst/O
                         net (fo=0)                   0.000     2.644    Result[6]
    V17                                                               r  Result[6] (OUT)
  -------------------------------------------------------------------    -------------------

Slack:                    inf
  Source:                 Y[8]
                            (input port)
  Destination:            Result[11]
                            (output port)
  Path Group:             (none)
  Path Type:              Min at Fast Process Corner
  Data Path Delay:        2.692ns  (logic 1.590ns (59.047%)  route 1.103ns (40.953%))
  Logic Levels:           3  (IBUF=1 LUT6=1 OBUF=1)

    Location             Delay type                Incr(ns)  Path(ns)    Netlist Resource(s)
  -------------------------------------------------------------------    -------------------
    V10                                               0.000     0.000 r  Y[8] (IN)
                         net (fo=0)                   0.000     0.000    Y[8]
    V10                  IBUF (Prop_ibuf_I_O)         0.292     0.292 r  Y_IBUF[8]_inst/O
                         net (fo=11, routed)          0.596     0.888    Y_IBUF[8]
    SLICE_X0Y68          LUT6 (Prop_lut6_I3_O)        0.045     0.933 r  Result_OBUF[11]_inst_i_1/O
                         net (fo=1, routed)           0.506     1.439    Result_OBUF[11]
    U14                  OBUF (Prop_obuf_I_O)         1.253     2.692 r  Result_OBUF[11]_inst/O
                         net (fo=0)                   0.000     2.692    Result[11]
    U14                                                               r  Result[11] (OUT)
  -------------------------------------------------------------------    -------------------

Slack:                    inf
  Source:                 Y[8]
                            (input port)
  Destination:            Result[16]
                            (output port)
  Path Group:             (none)
  Path Type:              Min at Fast Process Corner
  Data Path Delay:        2.745ns  (logic 1.606ns (58.497%)  route 1.139ns (41.503%))
  Logic Levels:           3  (IBUF=1 LUT3=1 OBUF=1)

    Location             Delay type                Incr(ns)  Path(ns)    Netlist Resource(s)
  -------------------------------------------------------------------    -------------------
    V10                                               0.000     0.000 r  Y[8] (IN)
                         net (fo=0)                   0.000     0.000    Y[8]
    V10                  IBUF (Prop_ibuf_I_O)         0.292     0.292 r  Y_IBUF[8]_inst/O
                         net (fo=11, routed)          0.696     0.988    Y_IBUF[8]
    SLICE_X0Y68          LUT3 (Prop_lut3_I1_O)        0.045     1.033 r  Result_OBUF[16]_inst_i_1/O
                         net (fo=1, routed)           0.443     1.476    Result_OBUF[16]
    V11                  OBUF (Prop_obuf_I_O)         1.269     2.745 r  Result_OBUF[16]_inst/O
                         net (fo=0)                   0.000     2.745    Result[16]
    V11                                                               r  Result[16] (OUT)
  -------------------------------------------------------------------    -------------------

Slack:                    inf
  Source:                 Y[7]
                            (input port)
  Destination:            Result[7]
                            (output port)
  Path Group:             (none)
  Path Type:              Min at Fast Process Corner
  Data Path Delay:        2.823ns  (logic 1.578ns (55.903%)  route 1.245ns (44.097%))
  Logic Levels:           3  (IBUF=1 LUT6=1 OBUF=1)

    Location             Delay type                Incr(ns)  Path(ns)    Netlist Resource(s)
  -------------------------------------------------------------------    -------------------
    U11                                               0.000     0.000 r  Y[7] (IN)
                         net (fo=0)                   0.000     0.000    Y[7]
    U11                  IBUF (Prop_ibuf_I_O)         0.277     0.277 r  Y_IBUF[7]_inst/O
                         net (fo=19, routed)          0.887     1.165    Y_IBUF[7]
    SLICE_X1Y69          LUT6 (Prop_lut6_I4_O)        0.045     1.210 r  Result_OBUF[7]_inst_i_1/O
                         net (fo=1, routed)           0.357     1.567    Result_OBUF[7]
    U17                  OBUF (Prop_obuf_I_O)         1.256     2.823 r  Result_OBUF[7]_inst/O
                         net (fo=0)                   0.000     2.823    Result[7]
    U17                                                               r  Result[7] (OUT)
  -------------------------------------------------------------------    -------------------





